2024-02-27 06:03:51,594 WARNING database DDL Query made to DB:
create table `tabMaintenance Schedule Detail` (
			name varchar(140) primary key,
			creation datetime(6),
			modified datetime(6),
			modified_by varchar(140),
			owner varchar(140),
			docstatus int(1) not null default '0',
			idx int(8) not null default '0',
			`item_code` varchar(140),
`item_name` varchar(140),
`scheduled_date` date,
`actual_date` date,
`sales_person` varchar(140),
`completion_status` varchar(140) default 'Pending',
`serial_no` text,
`item_reference` varchar(140),
index `item_code`(`item_code`),
index `scheduled_date`(`scheduled_date`),
parent varchar(140),
parentfield varchar(140),
parenttype varchar(140),
index parent(parent),

			index modified(modified))
			ENGINE=InnoDB
			ROW_FORMAT=DYNAMIC
			CHARACTER SET=utf8mb4
			COLLATE=utf8mb4_unicode_ci
2024-02-27 06:03:51,955 WARNING database DDL Query made to DB:
create table `tabMaintenance Visit Purpose` (
			name varchar(140) primary key,
			creation datetime(6),
			modified datetime(6),
			modified_by varchar(140),
			owner varchar(140),
			docstatus int(1) not null default '0',
			idx int(8) not null default '0',
			`item_code` varchar(140),
`item_name` varchar(140),
`service_person` varchar(140),
`serial_no` varchar(140),
`description` longtext,
`work_done` text,
`prevdoc_doctype` varchar(140),
`prevdoc_docname` varchar(140),
`maintenance_schedule_detail` varchar(140),
parent varchar(140),
parentfield varchar(140),
parenttype varchar(140),
index parent(parent),

			index modified(modified))
			ENGINE=InnoDB
			ROW_FORMAT=DYNAMIC
			CHARACTER SET=utf8mb4
			COLLATE=utf8mb4_unicode_ci
2024-02-27 06:03:52,867 WARNING database DDL Query made to DB:
create table `tabMaintenance Schedule Item` (
			name varchar(140) primary key,
			creation datetime(6),
			modified datetime(6),
			modified_by varchar(140),
			owner varchar(140),
			docstatus int(1) not null default '0',
			idx int(8) not null default '0',
			`item_code` varchar(140),
`item_name` varchar(140),
`description` longtext,
`start_date` date,
`end_date` date,
`periodicity` varchar(140),
`no_of_visits` int(11) not null default 0,
`sales_person` varchar(140),
`serial_no` text,
`sales_order` varchar(140),
index `item_code`(`item_code`),
index `start_date`(`start_date`),
index `end_date`(`end_date`),
index `sales_order`(`sales_order`),
parent varchar(140),
parentfield varchar(140),
parenttype varchar(140),
index parent(parent),

			index modified(modified))
			ENGINE=InnoDB
			ROW_FORMAT=DYNAMIC
			CHARACTER SET=utf8mb4
			COLLATE=utf8mb4_unicode_ci
2024-02-27 06:03:53,206 WARNING database DDL Query made to DB:
create table `tabMaintenance Schedule` (
			name varchar(140) primary key,
			creation datetime(6),
			modified datetime(6),
			modified_by varchar(140),
			owner varchar(140),
			docstatus int(1) not null default '0',
			idx int(8) not null default '0',
			`naming_series` varchar(140),
`customer` varchar(140),
`status` varchar(140) default 'Draft',
`transaction_date` date,
`customer_name` varchar(140),
`contact_person` varchar(140),
`contact_mobile` varchar(140),
`contact_email` varchar(140),
`contact_display` text,
`customer_address` varchar(140),
`address_display` text,
`territory` varchar(140),
`customer_group` varchar(140),
`company` varchar(140),
`amended_from` varchar(140),
`_user_tags` text,
`_comments` text,
`_assign` text,
`_liked_by` text,
index `customer`(`customer`),

			index modified(modified))
			ENGINE=InnoDB
			ROW_FORMAT=DYNAMIC
			CHARACTER SET=utf8mb4
			COLLATE=utf8mb4_unicode_ci
2024-02-27 06:03:53,661 WARNING database DDL Query made to DB:
create table `tabMaintenance Visit` (
			name varchar(140) primary key,
			creation datetime(6),
			modified datetime(6),
			modified_by varchar(140),
			owner varchar(140),
			docstatus int(1) not null default '0',
			idx int(8) not null default '0',
			`naming_series` varchar(140),
`customer` varchar(140),
`customer_name` varchar(140),
`address_display` text,
`contact_display` text,
`contact_mobile` varchar(140),
`contact_email` varchar(140),
`maintenance_schedule` varchar(140),
`maintenance_schedule_detail` varchar(140),
`mntc_date` date,
`mntc_time` time(6),
`completion_status` varchar(140),
`maintenance_type` varchar(140) default 'Unscheduled',
`customer_feedback` text,
`status` varchar(140) default 'Draft',
`amended_from` varchar(140),
`company` varchar(140),
`customer_address` varchar(140),
`contact_person` varchar(140),
`territory` varchar(140),
`customer_group` varchar(140),
`_user_tags` text,
`_comments` text,
`_assign` text,
`_liked_by` text,

			index modified(modified))
			ENGINE=InnoDB
			ROW_FORMAT=DYNAMIC
			CHARACTER SET=utf8mb4
			COLLATE=utf8mb4_unicode_ci
2024-02-27 06:03:54,166 WARNING database DDL Query made to DB:
create table `tabUAE VAT Account` (
			name varchar(140) primary key,
			creation datetime(6),
			modified datetime(6),
			modified_by varchar(140),
			owner varchar(140),
			docstatus int(1) not null default '0',
			idx int(8) not null default '0',
			`account` varchar(140),
parent varchar(140),
parentfield varchar(140),
parenttype varchar(140),
index parent(parent),

			index modified(modified))
			ENGINE=InnoDB
			ROW_FORMAT=DYNAMIC
			CHARACTER SET=utf8mb4
			COLLATE=utf8mb4_unicode_ci
2024-02-27 06:03:54,610 WARNING database DDL Query made to DB:
create table `tabKSA VAT Setting` (
			name varchar(140) primary key,
			creation datetime(6),
			modified datetime(6),
			modified_by varchar(140),
			owner varchar(140),
			docstatus int(1) not null default '0',
			idx int(8) not null default '0',
			`company` varchar(140) unique,
`_user_tags` text,
`_comments` text,
`_assign` text,
`_liked_by` text,

			index modified(modified))
			ENGINE=InnoDB
			ROW_FORMAT=DYNAMIC
			CHARACTER SET=utf8mb4
			COLLATE=utf8mb4_unicode_ci
2024-02-27 06:03:55,073 WARNING database DDL Query made to DB:
create table `tabSouth Africa VAT Settings` (
			name varchar(140) primary key,
			creation datetime(6),
			modified datetime(6),
			modified_by varchar(140),
			owner varchar(140),
			docstatus int(1) not null default '0',
			idx int(8) not null default '0',
			`company` varchar(140) unique,
`_user_tags` text,
`_comments` text,
`_assign` text,
`_liked_by` text,

			index modified(modified))
			ENGINE=InnoDB
			ROW_FORMAT=DYNAMIC
			CHARACTER SET=utf8mb4
			COLLATE=utf8mb4_unicode_ci
2024-02-27 06:03:55,497 WARNING database DDL Query made to DB:
create table `tabLower Deduction Certificate` (
			name varchar(140) primary key,
			creation datetime(6),
			modified datetime(6),
			modified_by varchar(140),
			owner varchar(140),
			docstatus int(1) not null default '0',
			idx int(8) not null default '0',
			`tax_withholding_category` varchar(140),
`fiscal_year` varchar(140),
`company` varchar(140),
`certificate_no` varchar(140) unique,
`supplier` varchar(140),
`pan_no` varchar(140),
`valid_from` date,
`valid_upto` date,
`rate` decimal(21,9) not null default 0,
`certificate_limit` decimal(21,9) not null default 0,
`_user_tags` text,
`_comments` text,
`_assign` text,
`_liked_by` text,

			index modified(modified))
			ENGINE=InnoDB
			ROW_FORMAT=DYNAMIC
			CHARACTER SET=utf8mb4
			COLLATE=utf8mb4_unicode_ci
2024-02-27 06:03:56,015 WARNING database DDL Query made to DB:
create table `tabImport Supplier Invoice` (
			name varchar(140) primary key,
			creation datetime(6),
			modified datetime(6),
			modified_by varchar(140),
			owner varchar(140),
			docstatus int(1) not null default '0',
			idx int(8) not null default '0',
			`invoice_series` varchar(140),
`company` varchar(140),
`item_code` varchar(140),
`supplier_group` varchar(140),
`tax_account` varchar(140),
`default_buying_price_list` varchar(140),
`zip_file` text,
`status` varchar(140),
`_user_tags` text,
`_comments` text,
`_assign` text,
`_liked_by` text,

			index modified(modified))
			ENGINE=InnoDB
			ROW_FORMAT=DYNAMIC
			CHARACTER SET=utf8mb4
			COLLATE=utf8mb4_unicode_ci
2024-02-27 06:03:56,308 WARNING database DDL Query made to DB:
create table `tabUAE VAT Settings` (
			name varchar(140) primary key,
			creation datetime(6),
			modified datetime(6),
			modified_by varchar(140),
			owner varchar(140),
			docstatus int(1) not null default '0',
			idx int(8) not null default '0',
			`company` varchar(140) unique,
`_user_tags` text,
`_comments` text,
`_assign` text,
`_liked_by` text,

			index modified(modified))
			ENGINE=InnoDB
			ROW_FORMAT=DYNAMIC
			CHARACTER SET=utf8mb4
			COLLATE=utf8mb4_unicode_ci
2024-02-27 06:03:56,589 WARNING database DDL Query made to DB:
create table `tabKSA VAT Sales Account` (
			name varchar(140) primary key,
			creation datetime(6),
			modified datetime(6),
			modified_by varchar(140),
			owner varchar(140),
			docstatus int(1) not null default '0',
			idx int(8) not null default '0',
			`title` varchar(140),
`item_tax_template` varchar(140),
`account` varchar(140),
parent varchar(140),
parentfield varchar(140),
parenttype varchar(140),
index parent(parent),

			index modified(modified))
			ENGINE=InnoDB
			ROW_FORMAT=DYNAMIC
			CHARACTER SET=utf8mb4
			COLLATE=utf8mb4_unicode_ci
2024-02-27 06:03:56,903 WARNING database DDL Query made to DB:
create table `tabProduct Tax Category` (
			name varchar(140) primary key,
			creation datetime(6),
			modified datetime(6),
			modified_by varchar(140),
			owner varchar(140),
			docstatus int(1) not null default '0',
			idx int(8) not null default '0',
			`product_tax_code` varchar(140) unique,
`category_name` varchar(255),
`description` text,
`_user_tags` text,
`_comments` text,
`_assign` text,
`_liked_by` text,

			index modified(modified))
			ENGINE=InnoDB
			ROW_FORMAT=DYNAMIC
			CHARACTER SET=utf8mb4
			COLLATE=utf8mb4_unicode_ci
2024-02-27 06:03:57,305 WARNING database DDL Query made to DB:
create table `tabKSA VAT Purchase Account` (
			name varchar(140) primary key,
			creation datetime(6),
			modified datetime(6),
			modified_by varchar(140),
			owner varchar(140),
			docstatus int(1) not null default '0',
			idx int(8) not null default '0',
			`title` varchar(140),
`item_tax_template` varchar(140),
`account` varchar(140),
parent varchar(140),
parentfield varchar(140),
parenttype varchar(140),
index parent(parent),

			index modified(modified))
			ENGINE=InnoDB
			ROW_FORMAT=DYNAMIC
			CHARACTER SET=utf8mb4
			COLLATE=utf8mb4_unicode_ci
2024-02-27 06:03:58,568 WARNING database DDL Query made to DB:
create table `tabGoCardless Settings` (
			name varchar(140) primary key,
			creation datetime(6),
			modified datetime(6),
			modified_by varchar(140),
			owner varchar(140),
			docstatus int(1) not null default '0',
			idx int(8) not null default '0',
			`gateway_name` varchar(140),
`access_token` varchar(140),
`webhooks_secret` varchar(140),
`use_sandbox` int(1) not null default 0,
`_user_tags` text,
`_comments` text,
`_assign` text,
`_liked_by` text,

			index modified(modified))
			ENGINE=InnoDB
			ROW_FORMAT=DYNAMIC
			CHARACTER SET=utf8mb4
			COLLATE=utf8mb4_unicode_ci
2024-02-27 06:03:59,073 WARNING database DDL Query made to DB:
create table `tabGoCardless Mandate` (
			name varchar(140) primary key,
			creation datetime(6),
			modified datetime(6),
			modified_by varchar(140),
			owner varchar(140),
			docstatus int(1) not null default '0',
			idx int(8) not null default '0',
			`disabled` int(1) not null default 0,
`customer` varchar(140),
`mandate` varchar(140),
`gocardless_customer` varchar(140),
`_user_tags` text,
`_comments` text,
`_assign` text,
`_liked_by` text,

			index modified(modified))
			ENGINE=InnoDB
			ROW_FORMAT=DYNAMIC
			CHARACTER SET=utf8mb4
			COLLATE=utf8mb4_unicode_ci
2024-02-27 06:03:59,547 WARNING database DDL Query made to DB:
create table `tabTally Migration` (
			name varchar(140) primary key,
			creation datetime(6),
			modified datetime(6),
			modified_by varchar(140),
			owner varchar(140),
			docstatus int(1) not null default '0',
			idx int(8) not null default '0',
			`status` varchar(140),
`master_data` text,
`is_master_data_processed` int(1) not null default 0,
`is_master_data_imported` int(1) not null default 0,
`tally_creditors_account` varchar(140) default 'Sundry Creditors',
`tally_debtors_account` varchar(140) default 'Sundry Debtors',
`tally_company` varchar(140),
`default_uom` varchar(140) default 'Unit',
`erpnext_company` varchar(140),
`chart_of_accounts` text,
`parties` text,
`addresses` text,
`uoms` text,
`items` text,
`vouchers` text,
`default_warehouse` varchar(140),
`default_round_off_account` varchar(140),
`default_cost_center` varchar(140),
`day_book_data` text,
`is_day_book_data_processed` int(1) not null default 0,
`is_day_book_data_imported` int(1) not null default 0,
`failed_import_log` longtext default '[]',
`fixed_errors_log` longtext default '[]',
`_user_tags` text,
`_comments` text,
`_assign` text,
`_liked_by` text,

			index modified(modified))
			ENGINE=InnoDB
			ROW_FORMAT=DYNAMIC
			CHARACTER SET=utf8mb4
			COLLATE=utf8mb4_unicode_ci
2024-02-27 06:04:00,156 WARNING database DDL Query made to DB:
create table `tabTaxJar Nexus` (
			name varchar(140) primary key,
			creation datetime(6),
			modified datetime(6),
			modified_by varchar(140),
			owner varchar(140),
			docstatus int(1) not null default '0',
			idx int(8) not null default '0',
			`region` varchar(140),
`region_code` varchar(140),
`country` varchar(140),
`country_code` varchar(140),
parent varchar(140),
parentfield varchar(140),
parenttype varchar(140),
index parent(parent),

			index modified(modified))
			ENGINE=InnoDB
			ROW_FORMAT=DYNAMIC
			CHARACTER SET=utf8mb4
			COLLATE=utf8mb4_unicode_ci
2024-02-27 06:04:00,606 WARNING database DDL Query made to DB:
create table `tabMpesa Settings` (
			name varchar(140) primary key,
			creation datetime(6),
			modified datetime(6),
			modified_by varchar(140),
			owner varchar(140),
			docstatus int(1) not null default '0',
			idx int(8) not null default '0',
			`payment_gateway_name` varchar(140) unique,
`consumer_key` varchar(140),
`consumer_secret` text,
`initiator_name` varchar(140),
`till_number` varchar(140),
`transaction_limit` decimal(21,9) not null default 150000.0,
`sandbox` int(1) not null default 0,
`business_shortcode` varchar(140),
`online_passkey` text,
`security_credential` text,
`account_balance` longtext,
`_user_tags` text,
`_comments` text,
`_assign` text,
`_liked_by` text,

			index modified(modified))
			ENGINE=InnoDB
			ROW_FORMAT=DYNAMIC
			CHARACTER SET=utf8mb4
			COLLATE=utf8mb4_unicode_ci
2024-02-27 06:04:02,986 WARNING database DDL Query made to DB:
create table `tabQuality Goal` (
			name varchar(140) primary key,
			creation datetime(6),
			modified datetime(6),
			modified_by varchar(140),
			owner varchar(140),
			docstatus int(1) not null default '0',
			idx int(8) not null default '0',
			`goal` varchar(140) unique,
`frequency` varchar(140) default 'None',
`procedure` varchar(140),
`weekday` varchar(140),
`date` varchar(140),
`_user_tags` text,
`_comments` text,
`_assign` text,
`_liked_by` text,

			index modified(modified))
			ENGINE=InnoDB
			ROW_FORMAT=DYNAMIC
			CHARACTER SET=utf8mb4
			COLLATE=utf8mb4_unicode_ci
2024-02-27 06:04:03,398 WARNING database DDL Query made to DB:
create table `tabQuality Feedback` (
			name varchar(140) primary key,
			creation datetime(6),
			modified datetime(6),
			modified_by varchar(140),
			owner varchar(140),
			docstatus int(1) not null default '0',
			idx int(8) not null default '0',
			`template` varchar(140),
`document_type` varchar(140),
`document_name` varchar(140),
`_user_tags` text,
`_comments` text,
`_assign` text,
`_liked_by` text,

			index modified(modified))
			ENGINE=InnoDB
			ROW_FORMAT=DYNAMIC
			CHARACTER SET=utf8mb4
			COLLATE=utf8mb4_unicode_ci
2024-02-27 06:04:03,749 WARNING database DDL Query made to DB:
create table `tabQuality Procedure` (
			name varchar(140) primary key,
			creation datetime(6),
			modified datetime(6),
			modified_by varchar(140),
			owner varchar(140),
			docstatus int(1) not null default '0',
			idx int(8) not null default '0',
			`quality_procedure_name` varchar(140) unique,
`process_owner` varchar(140),
`process_owner_full_name` varchar(140),
`parent_quality_procedure` varchar(140),
`is_group` int(1) not null default 0,
`rgt` int(11) not null default 0,
`lft` int(11) not null default 0,
`old_parent` varchar(140),
`_user_tags` text,
`_comments` text,
`_assign` text,
`_liked_by` text,

			index modified(modified))
			ENGINE=InnoDB
			ROW_FORMAT=DYNAMIC
			CHARACTER SET=utf8mb4
			COLLATE=utf8mb4_unicode_ci
2024-02-27 06:04:04,098 WARNING database DDL Query made to DB:
create table `tabQuality Review Objective` (
			name varchar(140) primary key,
			creation datetime(6),
			modified datetime(6),
			modified_by varchar(140),
			owner varchar(140),
			docstatus int(1) not null default '0',
			idx int(8) not null default '0',
			`objective` text,
`target` varchar(140),
`uom` varchar(140),
`status` varchar(140) default 'Open',
`review` longtext,
parent varchar(140),
parentfield varchar(140),
parenttype varchar(140),
index parent(parent),

			index modified(modified))
			ENGINE=InnoDB
			ROW_FORMAT=DYNAMIC
			CHARACTER SET=utf8mb4
			COLLATE=utf8mb4_unicode_ci
2024-02-27 06:04:04,474 WARNING database DDL Query made to DB:
create table `tabNon Conformance` (
			name varchar(140) primary key,
			creation datetime(6),
			modified datetime(6),
			modified_by varchar(140),
			owner varchar(140),
			docstatus int(1) not null default '0',
			idx int(8) not null default '0',
			`subject` varchar(140),
`procedure` varchar(140),
`process_owner` varchar(140),
`full_name` varchar(140),
`status` varchar(140),
`details` longtext,
`corrective_action` longtext,
`preventive_action` longtext,
`_user_tags` text,
`_comments` text,
`_assign` text,
`_liked_by` text,

			index modified(modified))
			ENGINE=InnoDB
			ROW_FORMAT=DYNAMIC
			CHARACTER SET=utf8mb4
			COLLATE=utf8mb4_unicode_ci
2024-02-27 06:04:04,831 WARNING database DDL Query made to DB:
create table `tabQuality Action Resolution` (
			name varchar(140) primary key,
			creation datetime(6),
			modified datetime(6),
			modified_by varchar(140),
			owner varchar(140),
			docstatus int(1) not null default '0',
			idx int(8) not null default '0',
			`problem` longtext,
`resolution` longtext,
`status` varchar(140),
`responsible` varchar(140),
`completion_by` date,
parent varchar(140),
parentfield varchar(140),
parenttype varchar(140),
index parent(parent),

			index modified(modified))
			ENGINE=InnoDB
			ROW_FORMAT=DYNAMIC
			CHARACTER SET=utf8mb4
			COLLATE=utf8mb4_unicode_ci
2024-02-27 06:04:05,261 WARNING database DDL Query made to DB:
create table `tabQuality Feedback Template` (
			name varchar(140) primary key,
			creation datetime(6),
			modified datetime(6),
			modified_by varchar(140),
			owner varchar(140),
			docstatus int(1) not null default '0',
			idx int(8) not null default '0',
			`template` varchar(140) unique,
`_user_tags` text,
`_comments` text,
`_assign` text,
`_liked_by` text,

			index modified(modified))
			ENGINE=InnoDB
			ROW_FORMAT=DYNAMIC
			CHARACTER SET=utf8mb4
			COLLATE=utf8mb4_unicode_ci
2024-02-27 06:04:05,657 WARNING database DDL Query made to DB:
create table `tabQuality Goal Objective` (
			name varchar(140) primary key,
			creation datetime(6),
			modified datetime(6),
			modified_by varchar(140),
			owner varchar(140),
			docstatus int(1) not null default '0',
			idx int(8) not null default '0',
			`objective` text,
`target` varchar(140),
`uom` varchar(140),
parent varchar(140),
parentfield varchar(140),
parenttype varchar(140),
index parent(parent),

			index modified(modified))
			ENGINE=InnoDB
			ROW_FORMAT=DYNAMIC
			CHARACTER SET=utf8mb4
			COLLATE=utf8mb4_unicode_ci
2024-02-27 06:04:05,990 WARNING database DDL Query made to DB:
create table `tabQuality Procedure Process` (
			name varchar(140) primary key,
			creation datetime(6),
			modified datetime(6),
			modified_by varchar(140),
			owner varchar(140),
			docstatus int(1) not null default '0',
			idx int(8) not null default '0',
			`process_description` longtext,
`procedure` varchar(140),
parent varchar(140),
parentfield varchar(140),
parenttype varchar(140),
index parent(parent),

			index modified(modified))
			ENGINE=InnoDB
			ROW_FORMAT=DYNAMIC
			CHARACTER SET=utf8mb4
			COLLATE=utf8mb4_unicode_ci
2024-02-27 06:04:06,357 WARNING database DDL Query made to DB:
create table `tabQuality Review` (
			name varchar(140) primary key,
			creation datetime(6),
			modified datetime(6),
			modified_by varchar(140),
			owner varchar(140),
			docstatus int(1) not null default '0',
			idx int(8) not null default '0',
			`goal` varchar(140),
`date` date,
`procedure` varchar(140),
`status` varchar(140) default 'Open',
`additional_information` text,
`_user_tags` text,
`_comments` text,
`_assign` text,
`_liked_by` text,

			index modified(modified))
			ENGINE=InnoDB
			ROW_FORMAT=DYNAMIC
			CHARACTER SET=utf8mb4
			COLLATE=utf8mb4_unicode_ci
2024-02-27 06:04:06,704 WARNING database DDL Query made to DB:
create table `tabQuality Feedback Parameter` (
			name varchar(140) primary key,
			creation datetime(6),
			modified datetime(6),
			modified_by varchar(140),
			owner varchar(140),
			docstatus int(1) not null default '0',
			idx int(8) not null default '0',
			`parameter` varchar(140),
`rating` varchar(140) default '1',
`feedback` longtext,
parent varchar(140),
parentfield varchar(140),
parenttype varchar(140),
index parent(parent),

			index modified(modified))
			ENGINE=InnoDB
			ROW_FORMAT=DYNAMIC
			CHARACTER SET=utf8mb4
			COLLATE=utf8mb4_unicode_ci
2024-02-27 06:04:07,081 WARNING database DDL Query made to DB:
create table `tabQuality Feedback Template Parameter` (
			name varchar(140) primary key,
			creation datetime(6),
			modified datetime(6),
			modified_by varchar(140),
			owner varchar(140),
			docstatus int(1) not null default '0',
			idx int(8) not null default '0',
			`parameter` varchar(140),
parent varchar(140),
parentfield varchar(140),
parenttype varchar(140),
index parent(parent),

			index modified(modified))
			ENGINE=InnoDB
			ROW_FORMAT=DYNAMIC
			CHARACTER SET=utf8mb4
			COLLATE=utf8mb4_unicode_ci
2024-02-27 06:04:07,776 WARNING database DDL Query made to DB:
create table `tabQuality Action` (
			name varchar(140) primary key,
			creation datetime(6),
			modified datetime(6),
			modified_by varchar(140),
			owner varchar(140),
			docstatus int(1) not null default '0',
			idx int(8) not null default '0',
			`corrective_preventive` varchar(140) default 'Corrective',
`review` varchar(140),
`feedback` varchar(140),
`status` varchar(140) default 'Open',
`date` date,
`goal` varchar(140),
`procedure` varchar(140),
`_user_tags` text,
`_comments` text,
`_assign` text,
`_liked_by` text,

			index modified(modified))
			ENGINE=InnoDB
			ROW_FORMAT=DYNAMIC
			CHARACTER SET=utf8mb4
			COLLATE=utf8mb4_unicode_ci
2024-02-27 06:04:08,154 WARNING database DDL Query made to DB:
create table `tabQuality Meeting Agenda` (
			name varchar(140) primary key,
			creation datetime(6),
			modified datetime(6),
			modified_by varchar(140),
			owner varchar(140),
			docstatus int(1) not null default '0',
			idx int(8) not null default '0',
			`agenda` longtext,
parent varchar(140),
parentfield varchar(140),
parenttype varchar(140),
index parent(parent),

			index modified(modified))
			ENGINE=InnoDB
			ROW_FORMAT=DYNAMIC
			CHARACTER SET=utf8mb4
			COLLATE=utf8mb4_unicode_ci
2024-02-27 06:04:08,524 WARNING database DDL Query made to DB:
create table `tabQuality Meeting` (
			name varchar(140) primary key,
			creation datetime(6),
			modified datetime(6),
			modified_by varchar(140),
			owner varchar(140),
			docstatus int(1) not null default '0',
			idx int(8) not null default '0',
			`status` varchar(140) default 'Open',
`_user_tags` text,
`_comments` text,
`_assign` text,
`_liked_by` text,

			index modified(modified))
			ENGINE=InnoDB
			ROW_FORMAT=DYNAMIC
			CHARACTER SET=utf8mb4
			COLLATE=utf8mb4_unicode_ci
2024-02-27 06:04:08,887 WARNING database DDL Query made to DB:
create table `tabQuality Meeting Minutes` (
			name varchar(140) primary key,
			creation datetime(6),
			modified datetime(6),
			modified_by varchar(140),
			owner varchar(140),
			docstatus int(1) not null default '0',
			idx int(8) not null default '0',
			`document_type` varchar(140),
`document_name` varchar(140),
`minute` longtext,
parent varchar(140),
parentfield varchar(140),
parenttype varchar(140),
index parent(parent),

			index modified(modified))
			ENGINE=InnoDB
			ROW_FORMAT=DYNAMIC
			CHARACTER SET=utf8mb4
			COLLATE=utf8mb4_unicode_ci
2024-02-27 06:04:09,559 WARNING database DDL Query made to DB:
create table `tabCommunication Medium Timeslot` (
			name varchar(140) primary key,
			creation datetime(6),
			modified datetime(6),
			modified_by varchar(140),
			owner varchar(140),
			docstatus int(1) not null default '0',
			idx int(8) not null default '0',
			`day_of_week` varchar(140),
`from_time` time(6),
`to_time` time(6),
`employee_group` varchar(140),
parent varchar(140),
parentfield varchar(140),
parenttype varchar(140),
index parent(parent),

			index modified(modified))
			ENGINE=InnoDB
			ROW_FORMAT=DYNAMIC
			CHARACTER SET=utf8mb4
			COLLATE=utf8mb4_unicode_ci
2024-02-27 06:04:09,937 WARNING database DDL Query made to DB:
create table `tabCommunication Medium` (
			name varchar(140) primary key,
			creation datetime(6),
			modified datetime(6),
			modified_by varchar(140),
			owner varchar(140),
			docstatus int(1) not null default '0',
			idx int(8) not null default '0',
			`communication_channel` varchar(140),
`communication_medium_type` varchar(140),
`catch_all` varchar(140),
`provider` varchar(140),
`disabled` int(1) not null default 0,
`_user_tags` text,
`_comments` text,
`_assign` text,
`_liked_by` text,

			index modified(modified))
			ENGINE=InnoDB
			ROW_FORMAT=DYNAMIC
			CHARACTER SET=utf8mb4
			COLLATE=utf8mb4_unicode_ci
2024-02-27 06:04:10,385 WARNING database DDL Query made to DB:
create table `tabLoan Application` (
			name varchar(140) primary key,
			creation datetime(6),
			modified datetime(6),
			modified_by varchar(140),
			owner varchar(140),
			docstatus int(1) not null default '0',
			idx int(8) not null default '0',
			`applicant_type` varchar(140),
`applicant` varchar(140),
`applicant_name` varchar(140),
`company` varchar(140),
`posting_date` date,
`status` varchar(140),
`loan_type` varchar(140),
`is_term_loan` int(1) not null default 0,
`loan_amount` decimal(21,9) not null default 0,
`is_secured_loan` int(1) not null default 0,
`rate_of_interest` decimal(21,9) not null default 0,
`description` text,
`maximum_loan_amount` decimal(21,9) not null default 0,
`repayment_method` varchar(140),
`total_payable_amount` decimal(21,9) not null default 0,
`repayment_periods` int(11) not null default 0,
`repayment_amount` decimal(21,9) not null default 0,
`total_payable_interest` decimal(21,9) not null default 0,
`amended_from` varchar(140),
`_user_tags` text,
`_comments` text,
`_assign` text,
`_liked_by` text,

			index modified(modified))
			ENGINE=InnoDB
			ROW_FORMAT=DYNAMIC
			CHARACTER SET=utf8mb4
			COLLATE=utf8mb4_unicode_ci
2024-02-27 06:04:10,873 WARNING database DDL Query made to DB:
create table `tabLoan Write Off` (
			name varchar(140) primary key,
			creation datetime(6),
			modified datetime(6),
			modified_by varchar(140),
			owner varchar(140),
			docstatus int(1) not null default '0',
			idx int(8) not null default '0',
			`loan` varchar(140),
`applicant_type` varchar(140),
`applicant` varchar(140),
`company` varchar(140),
`posting_date` date,
`cost_center` varchar(140),
`write_off_account` varchar(140),
`write_off_amount` decimal(21,9) not null default 0,
`amended_from` varchar(140),
`_user_tags` text,
`_comments` text,
`_assign` text,
`_liked_by` text,

			index modified(modified))
			ENGINE=InnoDB
			ROW_FORMAT=DYNAMIC
			CHARACTER SET=utf8mb4
			COLLATE=utf8mb4_unicode_ci
2024-02-27 06:04:11,177 WARNING database DDL Query made to DB:
create table `tabLoan Repayment Detail` (
			name varchar(140) primary key,
			creation datetime(6),
			modified datetime(6),
			modified_by varchar(140),
			owner varchar(140),
			docstatus int(1) not null default '0',
			idx int(8) not null default '0',
			`loan_interest_accrual` varchar(140),
`paid_principal_amount` decimal(21,9) not null default 0,
`paid_interest_amount` decimal(21,9) not null default 0,
`accrual_type` varchar(140),
parent varchar(140),
parentfield varchar(140),
parenttype varchar(140),
index parent(parent),

			index modified(modified))
			ENGINE=InnoDB
			ROW_FORMAT=DYNAMIC
			CHARACTER SET=utf8mb4
			COLLATE=utf8mb4_unicode_ci
2024-02-27 06:04:11,584 WARNING database DDL Query made to DB:
create table `tabLoan` (
			name varchar(140) primary key,
			creation datetime(6),
			modified datetime(6),
			modified_by varchar(140),
			owner varchar(140),
			docstatus int(1) not null default '0',
			idx int(8) not null default '0',
			`applicant_type` varchar(140),
`applicant` varchar(140),
`applicant_name` varchar(140),
`loan_application` varchar(140),
`company` varchar(140),
`posting_date` date,
`status` varchar(140) default 'Sanctioned',
`loan_type` varchar(140),
`repayment_schedule_type` varchar(140),
`loan_amount` decimal(21,9) not null default 0,
`rate_of_interest` decimal(21,9) not null default 0,
`is_secured_loan` int(1) not null default 0,
`disbursement_date` date,
`closure_date` date,
`disbursed_amount` decimal(21,9) not null default 0,
`maximum_loan_amount` decimal(21,9) not null default 0,
`repayment_method` varchar(140),
`repayment_periods` int(11) not null default 0,
`monthly_repayment_amount` decimal(21,9) not null default 0,
`repayment_start_date` date,
`is_term_loan` int(1) not null default 0,
`cost_center` varchar(140),
`mode_of_payment` varchar(140),
`disbursement_account` varchar(140),
`payment_account` varchar(140),
`loan_account` varchar(140),
`interest_income_account` varchar(140),
`penalty_income_account` varchar(140),
`total_payment` decimal(21,9) not null default 0,
`total_principal_paid` decimal(21,9) not null default 0,
`written_off_amount` decimal(21,9) not null default 0,
`refund_amount` decimal(21,9) not null default 0,
`debit_adjustment_amount` decimal(21,9) not null default 0,
`credit_adjustment_amount` decimal(21,9) not null default 0,
`is_npa` int(1) not null default 0,
`total_interest_payable` decimal(21,9) not null default 0,
`total_amount_paid` decimal(21,9) not null default 0,
`amended_from` varchar(140),
`_user_tags` text,
`_comments` text,
`_assign` text,
`_liked_by` text,

			index modified(modified))
			ENGINE=InnoDB
			ROW_FORMAT=DYNAMIC
			CHARACTER SET=utf8mb4
			COLLATE=utf8mb4_unicode_ci
2024-02-27 06:04:11,871 WARNING database DDL Query made to DB:
create table `tabLoan Security Unpledge` (
			name varchar(140) primary key,
			creation datetime(6),
			modified datetime(6),
			modified_by varchar(140),
			owner varchar(140),
			docstatus int(1) not null default '0',
			idx int(8) not null default '0',
			`loan` varchar(140),
`applicant_type` varchar(140),
`applicant` varchar(140),
`company` varchar(140),
`unpledge_time` datetime(6),
`status` varchar(140) default 'Requested',
`reference_no` varchar(140),
`description` text,
`amended_from` varchar(140),
`_user_tags` text,
`_comments` text,
`_assign` text,
`_liked_by` text,

			index modified(modified))
			ENGINE=InnoDB
			ROW_FORMAT=DYNAMIC
			CHARACTER SET=utf8mb4
			COLLATE=utf8mb4_unicode_ci
2024-02-27 06:04:12,146 WARNING database DDL Query made to DB:
create table `tabLoan Security` (
			name varchar(140) primary key,
			creation datetime(6),
			modified datetime(6),
			modified_by varchar(140),
			owner varchar(140),
			docstatus int(1) not null default '0',
			idx int(8) not null default '0',
			`loan_security_name` varchar(140) unique,
`haircut` decimal(21,9) not null default 0,
`loan_security_code` varchar(140) unique,
`loan_security_type` varchar(140),
`unit_of_measure` varchar(140),
`disabled` int(1) not null default 0,
`_user_tags` text,
`_comments` text,
`_assign` text,
`_liked_by` text,

			index modified(modified))
			ENGINE=InnoDB
			ROW_FORMAT=DYNAMIC
			CHARACTER SET=utf8mb4
			COLLATE=utf8mb4_unicode_ci
2024-02-27 06:04:12,444 WARNING database DDL Query made to DB:
create table `tabSanctioned Loan Amount` (
			name varchar(140) primary key,
			creation datetime(6),
			modified datetime(6),
			modified_by varchar(140),
			owner varchar(140),
			docstatus int(1) not null default '0',
			idx int(8) not null default '0',
			`applicant_type` varchar(140),
`applicant` varchar(140),
`company` varchar(140),
`sanctioned_amount_limit` decimal(21,9) not null default 0,
`_user_tags` text,
`_comments` text,
`_assign` text,
`_liked_by` text,

			index modified(modified))
			ENGINE=InnoDB
			ROW_FORMAT=DYNAMIC
			CHARACTER SET=utf8mb4
			COLLATE=utf8mb4_unicode_ci
2024-02-27 06:04:12,779 WARNING database DDL Query made to DB:
create table `tabLoan Refund` (
			name varchar(140) primary key,
			creation datetime(6),
			modified datetime(6),
			modified_by varchar(140),
			owner varchar(140),
			docstatus int(1) not null default '0',
			idx int(8) not null default '0',
			`loan` varchar(140),
`applicant_type` varchar(140),
`applicant` varchar(140),
`company` varchar(140),
`posting_date` date,
`cost_center` varchar(140),
`refund_account` varchar(140),
`refund_amount` decimal(21,9) not null default 0,
`reference_number` varchar(140),
`amended_from` varchar(140),
`_user_tags` text,
`_comments` text,
`_assign` text,
`_liked_by` text,

			index modified(modified))
			ENGINE=InnoDB
			ROW_FORMAT=DYNAMIC
			CHARACTER SET=utf8mb4
			COLLATE=utf8mb4_unicode_ci
2024-02-27 06:04:13,050 WARNING database DDL Query made to DB:
create table `tabRepayment Schedule` (
			name varchar(140) primary key,
			creation datetime(6),
			modified datetime(6),
			modified_by varchar(140),
			owner varchar(140),
			docstatus int(1) not null default '0',
			idx int(8) not null default '0',
			`payment_date` date,
`principal_amount` decimal(21,9) not null default 0,
`interest_amount` decimal(21,9) not null default 0,
`total_payment` decimal(21,9) not null default 0,
`balance_loan_amount` decimal(21,9) not null default 0,
`is_accrued` int(1) not null default 0,
parent varchar(140),
parentfield varchar(140),
parenttype varchar(140),
index parent(parent),

			index modified(modified))
			ENGINE=InnoDB
			ROW_FORMAT=DYNAMIC
			CHARACTER SET=utf8mb4
			COLLATE=utf8mb4_unicode_ci
2024-02-27 06:04:13,343 WARNING database DDL Query made to DB:
create table `tabLoan Security Type` (
			name varchar(140) primary key,
			creation datetime(6),
			modified datetime(6),
			modified_by varchar(140),
			owner varchar(140),
			docstatus int(1) not null default '0',
			idx int(8) not null default '0',
			`loan_security_type` varchar(140) unique,
`unit_of_measure` varchar(140),
`haircut` decimal(21,9) not null default 0,
`loan_to_value_ratio` decimal(21,9) not null default 0,
`disabled` int(1) not null default 0,
`_user_tags` text,
`_comments` text,
`_assign` text,
`_liked_by` text,

			index modified(modified))
			ENGINE=InnoDB
			ROW_FORMAT=DYNAMIC
			CHARACTER SET=utf8mb4
			COLLATE=utf8mb4_unicode_ci
2024-02-27 06:04:13,718 WARNING database DDL Query made to DB:
create table `tabLoan Interest Accrual` (
			name varchar(140) primary key,
			creation datetime(6),
			modified datetime(6),
			modified_by varchar(140),
			owner varchar(140),
			docstatus int(1) not null default '0',
			idx int(8) not null default '0',
			`loan` varchar(140),
`applicant_type` varchar(140),
`applicant` varchar(140),
`interest_income_account` varchar(140),
`loan_account` varchar(140),
`company` varchar(140),
`posting_date` date,
`accrual_type` varchar(140),
`is_term_loan` int(1) not null default 0,
`pending_principal_amount` decimal(21,9) not null default 0,
`payable_principal_amount` decimal(21,9) not null default 0,
`paid_principal_amount` decimal(21,9) not null default 0,
`interest_amount` decimal(21,9) not null default 0,
`total_pending_interest_amount` decimal(21,9) not null default 0,
`paid_interest_amount` decimal(21,9) not null default 0,
`penalty_amount` decimal(21,9) not null default 0,
`process_loan_interest_accrual` varchar(140),
`repayment_schedule_name` varchar(140),
`last_accrual_date` date,
`amended_from` varchar(140),
`_user_tags` text,
`_comments` text,
`_assign` text,
`_liked_by` text,

			index modified(modified))
			ENGINE=InnoDB
			ROW_FORMAT=DYNAMIC
			CHARACTER SET=utf8mb4
			COLLATE=utf8mb4_unicode_ci
2024-02-27 06:04:14,053 WARNING database DDL Query made to DB:
create table `tabUnpledge` (
			name varchar(140) primary key,
			creation datetime(6),
			modified datetime(6),
			modified_by varchar(140),
			owner varchar(140),
			docstatus int(1) not null default '0',
			idx int(8) not null default '0',
			`loan_security` varchar(140),
`loan_security_name` varchar(140),
`loan_security_type` varchar(140),
`loan_security_code` varchar(140),
`haircut` decimal(21,9) not null default 0,
`uom` varchar(140),
`qty` decimal(21,9) not null default 0,
parent varchar(140),
parentfield varchar(140),
parenttype varchar(140),
index parent(parent),

			index modified(modified))
			ENGINE=InnoDB
			ROW_FORMAT=DYNAMIC
			CHARACTER SET=utf8mb4
			COLLATE=utf8mb4_unicode_ci
2024-02-27 06:04:14,257 WARNING database DDL Query made to DB:
create table `tabProcess Loan Security Shortfall` (
			name varchar(140) primary key,
			creation datetime(6),
			modified datetime(6),
			modified_by varchar(140),
			owner varchar(140),
			docstatus int(1) not null default '0',
			idx int(8) not null default '0',
			`update_time` datetime(6),
`amended_from` varchar(140),
`_user_tags` text,
`_comments` text,
`_assign` text,
`_liked_by` text,

			index modified(modified))
			ENGINE=InnoDB
			ROW_FORMAT=DYNAMIC
			CHARACTER SET=utf8mb4
			COLLATE=utf8mb4_unicode_ci
2024-02-27 06:04:14,644 WARNING database DDL Query made to DB:
create table `tabLoan Disbursement` (
			name varchar(140) primary key,
			creation datetime(6),
			modified datetime(6),
			modified_by varchar(140),
			owner varchar(140),
			docstatus int(1) not null default '0',
			idx int(8) not null default '0',
			`against_loan` varchar(140),
`posting_date` date,
`applicant_type` varchar(140),
`company` varchar(140),
`applicant` varchar(140),
`disbursement_date` date,
`clearance_date` date,
`disbursed_amount` decimal(21,9) not null default 0,
`cost_center` varchar(140),
`disbursement_account` varchar(140),
`loan_account` varchar(140),
`bank_account` varchar(140),
`reference_date` date,
`reference_number` varchar(140),
`amended_from` varchar(140),
`_user_tags` text,
`_comments` text,
`_assign` text,
`_liked_by` text,

			index modified(modified))
			ENGINE=InnoDB
			ROW_FORMAT=DYNAMIC
			CHARACTER SET=utf8mb4
			COLLATE=utf8mb4_unicode_ci
2024-02-27 06:04:14,946 WARNING database DDL Query made to DB:
create table `tabProposed Pledge` (
			name varchar(140) primary key,
			creation datetime(6),
			modified datetime(6),
			modified_by varchar(140),
			owner varchar(140),
			docstatus int(1) not null default '0',
			idx int(8) not null default '0',
			`loan_security` varchar(140),
`loan_security_name` varchar(140),
`qty` decimal(21,9) not null default 0,
`loan_security_price` decimal(21,9) not null default 0,
`amount` decimal(21,9) not null default 0,
`haircut` decimal(21,9) not null default 0,
`post_haircut_amount` decimal(21,9) not null default 0,
parent varchar(140),
parentfield varchar(140),
parenttype varchar(140),
index parent(parent),

			index modified(modified))
			ENGINE=InnoDB
			ROW_FORMAT=DYNAMIC
			CHARACTER SET=utf8mb4
			COLLATE=utf8mb4_unicode_ci
2024-02-27 06:04:15,227 WARNING database DDL Query made to DB:
create table `tabProcess Loan Interest Accrual` (
			name varchar(140) primary key,
			creation datetime(6),
			modified datetime(6),
			modified_by varchar(140),
			owner varchar(140),
			docstatus int(1) not null default '0',
			idx int(8) not null default '0',
			`posting_date` date,
`loan_type` varchar(140),
`loan` varchar(140),
`process_type` varchar(140),
`accrual_type` varchar(140),
`amended_from` varchar(140),
`_user_tags` text,
`_comments` text,
`_assign` text,
`_liked_by` text,

			index modified(modified))
			ENGINE=InnoDB
			ROW_FORMAT=DYNAMIC
			CHARACTER SET=utf8mb4
			COLLATE=utf8mb4_unicode_ci
2024-02-27 06:04:15,599 WARNING database DDL Query made to DB:
create table `tabLoan Repayment` (
			name varchar(140) primary key,
			creation datetime(6),
			modified datetime(6),
			modified_by varchar(140),
			owner varchar(140),
			docstatus int(1) not null default '0',
			idx int(8) not null default '0',
			`against_loan` varchar(140),
`applicant_type` varchar(140),
`applicant` varchar(140),
`loan_type` varchar(140),
`company` varchar(140),
`posting_date` datetime(6),
`clearance_date` date,
`rate_of_interest` decimal(21,9) not null default 0,
`is_term_loan` int(1) not null default 0,
`due_date` date,
`pending_principal_amount` decimal(21,9) not null default 0,
`interest_payable` decimal(21,9) not null default 0,
`payable_amount` decimal(21,9) not null default 0,
`shortfall_amount` decimal(21,9) not null default 0,
`payable_principal_amount` decimal(21,9) not null default 0,
`penalty_amount` decimal(21,9) not null default 0,
`amount_paid` decimal(21,9) not null default 0,
`cost_center` varchar(140),
`reference_number` varchar(140),
`reference_date` date,
`principal_amount_paid` decimal(21,9) not null default 0,
`total_penalty_paid` decimal(21,9) not null default 0,
`total_interest_paid` decimal(21,9) not null default 0,
`amended_from` varchar(140),
`payment_account` varchar(140),
`penalty_income_account` varchar(140),
`loan_account` varchar(140),
`_user_tags` text,
`_comments` text,
`_assign` text,
`_liked_by` text,

			index modified(modified))
			ENGINE=InnoDB
			ROW_FORMAT=DYNAMIC
			CHARACTER SET=utf8mb4
			COLLATE=utf8mb4_unicode_ci
2024-02-27 06:04:15,917 WARNING database DDL Query made to DB:
create table `tabLoan Security Pledge` (
			name varchar(140) primary key,
			creation datetime(6),
			modified datetime(6),
			modified_by varchar(140),
			owner varchar(140),
			docstatus int(1) not null default '0',
			idx int(8) not null default '0',
			`applicant_type` varchar(140),
`applicant` varchar(140),
`loan` varchar(140),
`loan_application` varchar(140),
`company` varchar(140),
`pledge_time` datetime(6),
`status` varchar(140) default 'Requested',
`total_security_value` decimal(21,9) not null default 0,
`maximum_loan_value` decimal(21,9) not null default 0,
`reference_no` varchar(140),
`description` text,
`amended_from` varchar(140),
`_user_tags` text,
`_comments` text,
`_assign` text,
`_liked_by` text,

			index modified(modified))
			ENGINE=InnoDB
			ROW_FORMAT=DYNAMIC
			CHARACTER SET=utf8mb4
			COLLATE=utf8mb4_unicode_ci
2024-02-27 06:04:16,282 WARNING database DDL Query made to DB:
create table `tabLoan Type` (
			name varchar(140) primary key,
			creation datetime(6),
			modified datetime(6),
			modified_by varchar(140),
			owner varchar(140),
			docstatus int(1) not null default '0',
			idx int(8) not null default '0',
			`loan_name` varchar(140) unique,
`maximum_loan_amount` decimal(21,9) not null default 0,
`rate_of_interest` decimal(21,9) not null default 0,
`penalty_interest_rate` decimal(21,9) not null default 0,
`grace_period_in_days` int(11) not null default 0,
`write_off_amount` decimal(21,9) not null default 0,
`company` varchar(140),
`is_term_loan` int(1) not null default 0,
`disabled` int(1) not null default 0,
`repayment_schedule_type` varchar(140),
`repayment_date_on` varchar(140),
`description` text,
`mode_of_payment` varchar(140),
`disbursement_account` varchar(140),
`payment_account` varchar(140),
`loan_account` varchar(140),
`interest_income_account` varchar(140),
`penalty_income_account` varchar(140),
`amended_from` varchar(140),
`_user_tags` text,
`_comments` text,
`_assign` text,
`_liked_by` text,

			index modified(modified))
			ENGINE=InnoDB
			ROW_FORMAT=DYNAMIC
			CHARACTER SET=utf8mb4
			COLLATE=utf8mb4_unicode_ci
2024-02-27 06:04:16,674 WARNING database DDL Query made to DB:
create table `tabLoan Balance Adjustment` (
			name varchar(140) primary key,
			creation datetime(6),
			modified datetime(6),
			modified_by varchar(140),
			owner varchar(140),
			docstatus int(1) not null default '0',
			idx int(8) not null default '0',
			`loan` varchar(140),
`applicant_type` varchar(140),
`applicant` varchar(140),
`company` varchar(140),
`posting_date` date,
`cost_center` varchar(140),
`adjustment_account` varchar(140),
`adjustment_type` varchar(140),
`amount` decimal(21,9) not null default 0,
`reference_number` varchar(140),
`remarks` varchar(140),
`amended_from` varchar(140),
`_user_tags` text,
`_comments` text,
`_assign` text,
`_liked_by` text,

			index modified(modified))
			ENGINE=InnoDB
			ROW_FORMAT=DYNAMIC
			CHARACTER SET=utf8mb4
			COLLATE=utf8mb4_unicode_ci
2024-02-27 06:04:17,045 WARNING database DDL Query made to DB:
create table `tabLoan Security Shortfall` (
			name varchar(140) primary key,
			creation datetime(6),
			modified datetime(6),
			modified_by varchar(140),
			owner varchar(140),
			docstatus int(1) not null default '0',
			idx int(8) not null default '0',
			`loan` varchar(140),
`applicant_type` varchar(140),
`applicant` varchar(140),
`status` varchar(140) default 'Pending',
`shortfall_time` datetime(6),
`loan_amount` decimal(21,9) not null default 0,
`shortfall_amount` decimal(21,9) not null default 0,
`security_value` decimal(21,9) not null default 0,
`shortfall_percentage` decimal(21,9) not null default 0,
`process_loan_security_shortfall` varchar(140),
`_user_tags` text,
`_comments` text,
`_assign` text,
`_liked_by` text,

			index modified(modified))
			ENGINE=InnoDB
			ROW_FORMAT=DYNAMIC
			CHARACTER SET=utf8mb4
			COLLATE=utf8mb4_unicode_ci
2024-02-27 06:04:17,317 WARNING database DDL Query made to DB:
create table `tabLoan Security Price` (
			name varchar(140) primary key,
			creation datetime(6),
			modified datetime(6),
			modified_by varchar(140),
			owner varchar(140),
			docstatus int(1) not null default '0',
			idx int(8) not null default '0',
			`loan_security` varchar(140),
`loan_security_name` varchar(140),
`loan_security_type` varchar(140),
`uom` varchar(140),
`loan_security_price` decimal(21,9) not null default 0,
`valid_from` datetime(6),
`valid_upto` datetime(6),
`_user_tags` text,
`_comments` text,
`_assign` text,
`_liked_by` text,

			index modified(modified))
			ENGINE=InnoDB
			ROW_FORMAT=DYNAMIC
			CHARACTER SET=utf8mb4
			COLLATE=utf8mb4_unicode_ci
2024-02-27 06:04:17,652 WARNING database DDL Query made to DB:
create table `tabPledge` (
			name varchar(140) primary key,
			creation datetime(6),
			modified datetime(6),
			modified_by varchar(140),
			owner varchar(140),
			docstatus int(1) not null default '0',
			idx int(8) not null default '0',
			`loan_security` varchar(140),
`loan_security_name` varchar(140),
`loan_security_type` varchar(140),
`loan_security_code` varchar(140),
`uom` varchar(140),
`qty` decimal(21,9) not null default 0,
`haircut` decimal(21,9) not null default 0,
`loan_security_price` decimal(21,9) not null default 0,
`amount` decimal(21,9) not null default 0,
`post_haircut_amount` decimal(21,9) not null default 0,
parent varchar(140),
parentfield varchar(140),
parenttype varchar(140),
index parent(parent),

			index modified(modified))
			ENGINE=InnoDB
			ROW_FORMAT=DYNAMIC
			CHARACTER SET=utf8mb4
			COLLATE=utf8mb4_unicode_ci
2024-02-27 06:04:18,578 WARNING database DDL Query made to DB:
create table `tabVoice Call Settings` (
			name varchar(140) primary key,
			creation datetime(6),
			modified datetime(6),
			modified_by varchar(140),
			owner varchar(140),
			docstatus int(1) not null default '0',
			idx int(8) not null default '0',
			`user` varchar(140) unique,
`call_receiving_device` varchar(140) default 'Computer',
`greeting_message` varchar(140),
`agent_busy_message` varchar(140),
`agent_unavailable_message` varchar(140),
`_user_tags` text,
`_comments` text,
`_assign` text,
`_liked_by` text,

			index modified(modified))
			ENGINE=InnoDB
			ROW_FORMAT=DYNAMIC
			CHARACTER SET=utf8mb4
			COLLATE=utf8mb4_unicode_ci
2024-02-27 06:04:18,875 WARNING database DDL Query made to DB:
create table `tabCall Log` (
			name varchar(140) primary key,
			creation datetime(6),
			modified datetime(6),
			modified_by varchar(140),
			owner varchar(140),
			docstatus int(1) not null default '0',
			idx int(8) not null default '0',
			`id` varchar(140) unique,
`from` varchar(140),
`to` varchar(140),
`call_received_by` varchar(140),
`employee_user_id` varchar(140),
`medium` varchar(140),
`start_time` datetime(6),
`end_time` datetime(6),
`type` varchar(140),
`customer` varchar(140),
`status` varchar(140),
`duration` decimal(21,9),
`recording_url` varchar(140),
`type_of_call` varchar(140),
`summary` text,
`_user_tags` text,
`_comments` text,
`_assign` text,
`_liked_by` text,

			index modified(modified))
			ENGINE=InnoDB
			ROW_FORMAT=DYNAMIC
			CHARACTER SET=utf8mb4
			COLLATE=utf8mb4_unicode_ci
2024-02-27 06:04:19,213 WARNING database DDL Query made to DB:
create table `tabIncoming Call Settings` (
			name varchar(140) primary key,
			creation datetime(6),
			modified datetime(6),
			modified_by varchar(140),
			owner varchar(140),
			docstatus int(1) not null default '0',
			idx int(8) not null default '0',
			`call_routing` varchar(140) default 'Sequential',
`greeting_message` varchar(140),
`agent_busy_message` varchar(140),
`agent_unavailable_message` varchar(140),
`_user_tags` text,
`_comments` text,
`_assign` text,
`_liked_by` text,

			index modified(modified))
			ENGINE=InnoDB
			ROW_FORMAT=DYNAMIC
			CHARACTER SET=utf8mb4
			COLLATE=utf8mb4_unicode_ci
2024-02-27 06:04:19,472 WARNING database DDL Query made to DB:
create table `tabTelephony Call Type` (
			name varchar(140) primary key,
			creation datetime(6),
			modified datetime(6),
			modified_by varchar(140),
			owner varchar(140),
			docstatus int(1) not null default '0',
			idx int(8) not null default '0',
			`call_type` varchar(140) unique,
`amended_from` varchar(140),
`_user_tags` text,
`_comments` text,
`_assign` text,
`_liked_by` text,

			index modified(modified))
			ENGINE=InnoDB
			ROW_FORMAT=DYNAMIC
			CHARACTER SET=utf8mb4
			COLLATE=utf8mb4_unicode_ci
2024-02-27 06:04:19,763 WARNING database DDL Query made to DB:
create table `tabIncoming Call Handling Schedule` (
			name varchar(140) primary key,
			creation datetime(6),
			modified datetime(6),
			modified_by varchar(140),
			owner varchar(140),
			docstatus int(1) not null default '0',
			idx int(8) not null default '0',
			`day_of_week` varchar(140),
`from_time` time(6) default '9:00:00',
`to_time` time(6) default '17:00:00',
`agent_group` varchar(140),
parent varchar(140),
parentfield varchar(140),
parenttype varchar(140),
index parent(parent),

			index modified(modified))
			ENGINE=InnoDB
			ROW_FORMAT=DYNAMIC
			CHARACTER SET=utf8mb4
			COLLATE=utf8mb4_unicode_ci
2024-02-27 06:04:20,269 WARNING database DDL Query made to DB:
create table `tabBulk Transaction Log Detail` (
			name varchar(140) primary key,
			creation datetime(6),
			modified datetime(6),
			modified_by varchar(140),
			owner varchar(140),
			docstatus int(1) not null default '0',
			idx int(8) not null default '0',
			`from_doctype` varchar(140),
`transaction_name` varchar(140),
`date` date,
`time` time(6),
`transaction_status` varchar(140),
`error_description` longtext,
`to_doctype` varchar(140),
`retried` int(11) not null default 0,
`_user_tags` text,
`_comments` text,
`_assign` text,
`_liked_by` text,
index `from_doctype`(`from_doctype`),
index `transaction_name`(`transaction_name`),
index `date`(`date`),

			index modified(modified))
			ENGINE=InnoDB
			ROW_FORMAT=DYNAMIC
			CHARACTER SET=utf8mb4
			COLLATE=utf8mb4_unicode_ci
2024-02-27 06:04:20,561 WARNING database DDL Query made to DB:
create table `tabWebsite Item Tabbed Section` (
			name varchar(140) primary key,
			creation datetime(6),
			modified datetime(6),
			modified_by varchar(140),
			owner varchar(140),
			docstatus int(1) not null default '0',
			idx int(8) not null default '0',
			`label` varchar(140),
`content` longtext,
parent varchar(140),
parentfield varchar(140),
parenttype varchar(140),
index parent(parent),

			index modified(modified))
			ENGINE=InnoDB
			ROW_FORMAT=DYNAMIC
			CHARACTER SET=utf8mb4
			COLLATE=utf8mb4_unicode_ci
2024-02-27 06:04:20,824 WARNING database DDL Query made to DB:
create table `tabRecommended Items` (
			name varchar(140) primary key,
			creation datetime(6),
			modified datetime(6),
			modified_by varchar(140),
			owner varchar(140),
			docstatus int(1) not null default '0',
			idx int(8) not null default '0',
			`website_item` varchar(140),
`website_item_name` varchar(140),
`item_code` varchar(140),
`route` text,
`website_item_image` text,
`website_item_thumbnail` varchar(140),
parent varchar(140),
parentfield varchar(140),
parenttype varchar(140),
index parent(parent),

			index modified(modified))
			ENGINE=InnoDB
			ROW_FORMAT=DYNAMIC
			CHARACTER SET=utf8mb4
			COLLATE=utf8mb4_unicode_ci
2024-02-27 06:04:21,077 WARNING database DDL Query made to DB:
create table `tabItem Review` (
			name varchar(140) primary key,
			creation datetime(6),
			modified datetime(6),
			modified_by varchar(140),
			owner varchar(140),
			docstatus int(1) not null default '0',
			idx int(8) not null default '0',
			`website_item` varchar(140),
`user` varchar(140),
`customer` varchar(140),
`item` varchar(140),
`published_on` varchar(140),
`review_title` varchar(140),
`rating` decimal(3,2),
`comment` text,
`_user_tags` text,
`_comments` text,
`_assign` text,
`_liked_by` text,

			index modified(modified))
			ENGINE=InnoDB
			ROW_FORMAT=DYNAMIC
			CHARACTER SET=utf8mb4
			COLLATE=utf8mb4_unicode_ci
2024-02-27 06:04:21,826 WARNING database DDL Query made to DB:
create table `tabWishlist Item` (
			name varchar(140) primary key,
			creation datetime(6),
			modified datetime(6),
			modified_by varchar(140),
			owner varchar(140),
			docstatus int(1) not null default '0',
			idx int(8) not null default '0',
			`item_code` varchar(140),
`website_item` varchar(140),
`web_item_name` varchar(140),
`item_name` varchar(140),
`item_group` varchar(140),
`description` longtext,
`route` text,
`image` text,
`warehouse` varchar(140),
parent varchar(140),
parentfield varchar(140),
parenttype varchar(140),
index parent(parent),

			index modified(modified))
			ENGINE=InnoDB
			ROW_FORMAT=DYNAMIC
			CHARACTER SET=utf8mb4
			COLLATE=utf8mb4_unicode_ci
2024-02-27 06:04:22,278 WARNING database DDL Query made to DB:
create table `tabWebsite Item` (
			name varchar(140) primary key,
			creation datetime(6),
			modified datetime(6),
			modified_by varchar(140),
			owner varchar(140),
			docstatus int(1) not null default '0',
			idx int(8) not null default '0',
			`naming_series` varchar(140) default 'WEB-ITM-.####',
`web_item_name` varchar(140),
`route` text,
`has_variants` int(1) not null default 0,
`variant_of` varchar(140),
`published` int(1) not null default 1,
`item_code` varchar(140),
`item_name` varchar(140),
`item_group` varchar(140),
`stock_uom` varchar(140),
`description` longtext,
`brand` varchar(140),
`website_image` text,
`website_image_alt` varchar(140),
`slideshow` varchar(140),
`thumbnail` varchar(140),
`website_warehouse` varchar(140),
`on_backorder` int(1) not null default 0,
`short_description` text,
`web_long_description` longtext,
`show_tabbed_section` int(1) not null default 0,
`ranking` int(11) not null default 0,
`website_content` longtext,
`_user_tags` text,
`_comments` text,
`_assign` text,
`_liked_by` text,
index `variant_of`(`variant_of`),
index `item_group`(`item_group`),
index `brand`(`brand`),

			index modified(modified))
			ENGINE=InnoDB
			ROW_FORMAT=DYNAMIC
			CHARACTER SET=utf8mb4
			COLLATE=utf8mb4_unicode_ci
2024-02-27 06:04:22,535 WARNING database DDL Query made to DB:
ALTER TABLE `tabWebsite Item`
				ADD INDEX `route_index`(route(500))
2024-02-27 06:04:22,871 WARNING database DDL Query made to DB:
create table `tabWebsite Offer` (
			name varchar(140) primary key,
			creation datetime(6),
			modified datetime(6),
			modified_by varchar(140),
			owner varchar(140),
			docstatus int(1) not null default '0',
			idx int(8) not null default '0',
			`offer_title` varchar(140),
`offer_subtitle` varchar(140),
`offer_details` longtext,
parent varchar(140),
parentfield varchar(140),
parenttype varchar(140),
index parent(parent),

			index modified(modified))
			ENGINE=InnoDB
			ROW_FORMAT=DYNAMIC
			CHARACTER SET=utf8mb4
			COLLATE=utf8mb4_unicode_ci
2024-02-27 06:04:23,415 WARNING database DDL Query made to DB:
create table `tabWishlist` (
			name varchar(140) primary key,
			creation datetime(6),
			modified datetime(6),
			modified_by varchar(140),
			owner varchar(140),
			docstatus int(1) not null default '0',
			idx int(8) not null default '0',
			`user` varchar(140) unique,
`_user_tags` text,
`_comments` text,
`_assign` text,
`_liked_by` text,

			index modified(modified))
			ENGINE=InnoDB
			ROW_FORMAT=DYNAMIC
			CHARACTER SET=utf8mb4
			COLLATE=utf8mb4_unicode_ci
2024-02-27 06:04:25,314 WARNING database DDL Query made to DB:
create table `tabSubcontracting Order Service Item` (
			name varchar(140) primary key,
			creation datetime(6),
			modified datetime(6),
			modified_by varchar(140),
			owner varchar(140),
			docstatus int(1) not null default '0',
			idx int(8) not null default '0',
			`item_code` varchar(140),
`item_name` varchar(140),
`qty` decimal(21,9) not null default 0,
`rate` decimal(21,9) not null default 0,
`amount` decimal(21,9) not null default 0,
`fg_item` varchar(140),
`fg_item_qty` decimal(21,9) not null default 1.0,
`material_request` varchar(140),
`material_request_item` varchar(140),
index `item_code`(`item_code`),
parent varchar(140),
parentfield varchar(140),
parenttype varchar(140),
index parent(parent),

			index modified(modified))
			ENGINE=InnoDB
			ROW_FORMAT=DYNAMIC
			CHARACTER SET=utf8mb4
			COLLATE=utf8mb4_unicode_ci
2024-02-27 06:04:25,956 WARNING database DDL Query made to DB:
create table `tabSubcontracting Order Item` (
			name varchar(140) primary key,
			creation datetime(6),
			modified datetime(6),
			modified_by varchar(140),
			owner varchar(140),
			docstatus int(1) not null default '0',
			idx int(8) not null default '0',
			`item_code` varchar(140),
`item_name` varchar(140),
`bom` varchar(140),
`include_exploded_items` int(1) not null default 0,
`schedule_date` date,
`expected_delivery_date` date,
`description` longtext,
`image` text,
`qty` decimal(21,9) not null default 1.0,
`received_qty` decimal(21,9) not null default 0,
`returned_qty` decimal(21,9) not null default 0,
`stock_uom` varchar(140),
`conversion_factor` decimal(21,9) not null default 1.0,
`rate` decimal(21,9) not null default 0,
`amount` decimal(21,9) not null default 0,
`rm_cost_per_qty` decimal(21,9) not null default 0,
`service_cost_per_qty` decimal(21,9) not null default 0,
`additional_cost_per_qty` decimal(21,9) not null default 0,
`warehouse` varchar(140),
`expense_account` varchar(140),
`manufacturer` varchar(140),
`manufacturer_part_no` varchar(140),
`material_request` varchar(140),
`material_request_item` varchar(140),
`cost_center` varchar(140),
`project` varchar(140),
`page_break` int(1) not null default 0,
index `item_code`(`item_code`),
index `expected_delivery_date`(`expected_delivery_date`),
index `material_request`(`material_request`),
index `material_request_item`(`material_request_item`),
parent varchar(140),
parentfield varchar(140),
parenttype varchar(140),
index parent(parent),

			index modified(modified))
			ENGINE=InnoDB
			ROW_FORMAT=DYNAMIC
			CHARACTER SET=utf8mb4
			COLLATE=utf8mb4_unicode_ci
2024-02-27 06:04:26,889 WARNING database DDL Query made to DB:
create table `tabSubcontracting Receipt` (
			name varchar(140) primary key,
			creation datetime(6),
			modified datetime(6),
			modified_by varchar(140),
			owner varchar(140),
			docstatus int(1) not null default '0',
			idx int(8) not null default '0',
			`title` varchar(140) default '{supplier_name}',
`naming_series` varchar(140),
`supplier` varchar(140),
`supplier_name` varchar(140),
`supplier_delivery_note` varchar(140),
`company` varchar(140),
`posting_date` date,
`posting_time` time(6),
`set_posting_time` int(1) not null default 0,
`is_return` int(1) not null default 0,
`return_against` varchar(140),
`cost_center` varchar(140),
`project` varchar(140),
`supplier_address` varchar(140),
`contact_person` varchar(140),
`address_display` text,
`contact_display` text,
`contact_mobile` text,
`contact_email` text,
`shipping_address` varchar(140),
`shipping_address_display` text,
`billing_address` varchar(140),
`billing_address_display` text,
`set_warehouse` varchar(140),
`rejected_warehouse` varchar(140),
`supplier_warehouse` varchar(140),
`total_qty` decimal(21,9) not null default 0,
`total` decimal(21,9) not null default 0,
`distribute_additional_costs_based_on` varchar(140) default 'Qty',
`total_additional_costs` decimal(21,9) not null default 0,
`in_words` varchar(240),
`bill_no` varchar(140),
`bill_date` date,
`status` varchar(140) default 'Draft',
`per_returned` decimal(21,9) not null default 0,
`amended_from` varchar(140),
`range` varchar(140),
`represents_company` varchar(140),
`auto_repeat` varchar(140),
`letter_head` varchar(140),
`language` varchar(140),
`instructions` text,
`select_print_heading` varchar(140),
`remarks` text,
`transporter_name` varchar(140),
`lr_no` varchar(140),
`lr_date` date,
`_user_tags` text,
`_comments` text,
`_assign` text,
`_liked_by` text,
index `supplier`(`supplier`),
index `posting_date`(`posting_date`),
index `status`(`status`),

			index modified(modified))
			ENGINE=InnoDB
			ROW_FORMAT=DYNAMIC
			CHARACTER SET=utf8mb4
			COLLATE=utf8mb4_unicode_ci
2024-02-27 06:04:27,605 WARNING database DDL Query made to DB:
create table `tabSubcontracting Receipt Supplied Item` (
			name varchar(140) primary key,
			creation datetime(6),
			modified datetime(6),
			modified_by varchar(140),
			owner varchar(140),
			docstatus int(1) not null default '0',
			idx int(8) not null default '0',
			`main_item_code` varchar(140),
`rm_item_code` varchar(140),
`item_name` varchar(140),
`bom_detail_no` varchar(140),
`description` longtext,
`stock_uom` varchar(140),
`conversion_factor` decimal(21,9) not null default 1.0,
`reference_name` varchar(140),
`rate` decimal(21,9) not null default 0,
`amount` decimal(21,9) not null default 0,
`available_qty_for_consumption` decimal(21,9) not null default 0,
`required_qty` decimal(21,9) not null default 0,
`consumed_qty` decimal(21,9) not null default 0,
`current_stock` decimal(21,9) not null default 0,
`batch_no` varchar(140),
`serial_no` text,
`subcontracting_order` varchar(140),
parent varchar(140),
parentfield varchar(140),
parenttype varchar(140),
index parent(parent),

			index modified(modified))
			ENGINE=InnoDB
			ROW_FORMAT=DYNAMIC
			CHARACTER SET=utf8mb4
			COLLATE=utf8mb4_unicode_ci
2024-02-27 06:04:28,635 WARNING database DDL Query made to DB:
create table `tabSubcontracting Order` (
			name varchar(140) primary key,
			creation datetime(6),
			modified datetime(6),
			modified_by varchar(140),
			owner varchar(140),
			docstatus int(1) not null default '0',
			idx int(8) not null default '0',
			`title` varchar(140) default '{supplier_name}',
`naming_series` varchar(140),
`purchase_order` varchar(140),
`supplier` varchar(140),
`supplier_name` varchar(140),
`supplier_warehouse` varchar(140),
`company` varchar(140),
`transaction_date` date,
`schedule_date` date,
`amended_from` varchar(140),
`cost_center` varchar(140),
`project` varchar(140),
`supplier_address` varchar(140),
`address_display` text,
`contact_person` varchar(140),
`contact_display` text,
`contact_mobile` text,
`contact_email` text,
`shipping_address` varchar(140),
`shipping_address_display` text,
`billing_address` varchar(140),
`billing_address_display` text,
`set_warehouse` varchar(140),
`total_qty` decimal(21,9) not null default 0,
`total` decimal(21,9) not null default 0,
`set_reserve_warehouse` varchar(140),
`distribute_additional_costs_based_on` varchar(140) default 'Qty',
`total_additional_costs` decimal(21,9) not null default 0,
`status` varchar(140) default 'Draft',
`per_received` decimal(21,9) not null default 0,
`select_print_heading` varchar(140),
`letter_head` varchar(140),
`_user_tags` text,
`_comments` text,
`_assign` text,
`_liked_by` text,
index `supplier`(`supplier`),
index `transaction_date`(`transaction_date`),
index `status`(`status`),

			index modified(modified))
			ENGINE=InnoDB
			ROW_FORMAT=DYNAMIC
			CHARACTER SET=utf8mb4
			COLLATE=utf8mb4_unicode_ci
2024-02-27 06:04:31,231 WARNING database DDL Query made to DB:
create table `tabSubcontracting Receipt Item` (
			name varchar(140) primary key,
			creation datetime(6),
			modified datetime(6),
			modified_by varchar(140),
			owner varchar(140),
			docstatus int(1) not null default '0',
			idx int(8) not null default '0',
			`item_code` varchar(140),
`item_name` varchar(140),
`description` longtext,
`brand` varchar(140),
`image` text,
`received_qty` decimal(21,9) not null default 0,
`qty` decimal(21,9) not null default 0,
`rejected_qty` decimal(21,9) not null default 0,
`returned_qty` decimal(21,9) not null default 0,
`stock_uom` varchar(140),
`conversion_factor` decimal(21,9) not null default 1.0,
`rate` decimal(21,9) not null default 0,
`amount` decimal(21,9) not null default 0,
`rm_cost_per_qty` decimal(21,9) not null default 0,
`service_cost_per_qty` decimal(21,9) not null default 0,
`additional_cost_per_qty` decimal(21,9) not null default 0,
`rm_supp_cost` decimal(21,9) not null default 0,
`warehouse` varchar(140),
`rejected_warehouse` varchar(140),
`subcontracting_order` varchar(140),
`schedule_date` date,
`quality_inspection` varchar(140),
`subcontracting_order_item` varchar(140),
`subcontracting_receipt_item` varchar(140),
`bom` varchar(140),
`include_exploded_items` int(1) not null default 0,
`serial_no` text,
`batch_no` varchar(140),
`rejected_serial_no` text,
`manufacturer` varchar(140),
`manufacturer_part_no` varchar(140),
`expense_account` varchar(140),
`cost_center` varchar(140),
`project` varchar(140),
`page_break` int(1) not null default 0,
index `item_code`(`item_code`),
index `subcontracting_order`(`subcontracting_order`),
index `subcontracting_order_item`(`subcontracting_order_item`),
parent varchar(140),
parentfield varchar(140),
parenttype varchar(140),
index parent(parent),

			index modified(modified))
			ENGINE=InnoDB
			ROW_FORMAT=DYNAMIC
			CHARACTER SET=utf8mb4
			COLLATE=utf8mb4_unicode_ci
2024-02-27 06:04:31,626 WARNING database DDL Query made to DB:
create table `tabSubcontracting Order Supplied Item` (
			name varchar(140) primary key,
			creation datetime(6),
			modified datetime(6),
			modified_by varchar(140),
			owner varchar(140),
			docstatus int(1) not null default '0',
			idx int(8) not null default '0',
			`main_item_code` varchar(140),
`rm_item_code` varchar(140),
`stock_uom` varchar(140),
`conversion_factor` decimal(21,9) not null default 1.0,
`reserve_warehouse` varchar(140),
`bom_detail_no` varchar(140),
`reference_name` varchar(140),
`rate` decimal(21,9) not null default 0,
`amount` decimal(21,9) not null default 0,
`required_qty` decimal(21,9) not null default 0,
`supplied_qty` decimal(21,9) not null default 0,
`consumed_qty` decimal(21,9) not null default 0,
`returned_qty` decimal(21,9) not null default 0,
`total_supplied_qty` decimal(21,9) not null default 0,
parent varchar(140),
parentfield varchar(140),
parenttype varchar(140),
index parent(parent),

			index modified(modified))
			ENGINE=InnoDB
			ROW_FORMAT=DYNAMIC
			CHARACTER SET=utf8mb4
			COLLATE=utf8mb4_unicode_ci
2024-02-27 06:05:10,166 WARNING database DDL Query made to DB:
ALTER TABLE `tabAddress` ADD COLUMN `tax_category` varchar(140), ADD COLUMN `is_your_company_address` int(1) not null default 0
2024-02-27 06:05:10,559 WARNING database DDL Query made to DB:
ALTER TABLE `tabContact` ADD COLUMN `is_billing_contact` int(1) not null default 0
2024-02-29 19:23:17,639 WARNING database DDL Query made to DB:
create table `tabdemo` (
			name varchar(140) primary key,
			creation datetime(6),
			modified datetime(6),
			modified_by varchar(140),
			owner varchar(140),
			docstatus int(1) not null default '0',
			idx int(8) not null default '0',
			`user` varchar(140),
`age` decimal(21,9) not null default 0,
`amended_from` varchar(140),
`_user_tags` text,
`_comments` text,
`_assign` text,
`_liked_by` text,
index `amended_from`(`amended_from`),

			index modified(modified))
			ENGINE=InnoDB
			ROW_FORMAT=DYNAMIC
			CHARACTER SET=utf8mb4
			COLLATE=utf8mb4_unicode_ci
2024-02-29 19:42:00,379 WARNING database DDL Query made to DB:
ALTER TABLE `tabdemo` MODIFY `age` decimal(21,9) not null default 0
2024-02-29 19:57:00,880 WARNING database DDL Query made to DB:
ALTER TABLE `tabdemo` ADD COLUMN `jpg` text
2024-02-29 19:57:00,901 WARNING database DDL Query made to DB:
ALTER TABLE `tabdemo` MODIFY `age` decimal(21,9) not null default 0
2024-02-29 19:58:56,186 WARNING database DDL Query made to DB:
ALTER TABLE `tabdemo` MODIFY `age` decimal(21,9) not null default 0
2024-02-29 21:31:23,863 WARNING database DDL Query made to DB:
create table `tabsearch demo` (
			name varchar(140) primary key,
			creation datetime(6),
			modified datetime(6),
			modified_by varchar(140),
			owner varchar(140),
			docstatus int(1) not null default '0',
			idx int(8) not null default '0',
			`artist_name` varchar(140),
`artist_sex` varchar(140),
`_user_tags` text,
`_comments` text,
`_assign` text,
`_liked_by` text,

			index modified(modified))
			ENGINE=InnoDB
			ROW_FORMAT=DYNAMIC
			CHARACTER SET=utf8mb4
			COLLATE=utf8mb4_unicode_ci
2024-02-29 21:58:20,226 WARNING database DDL Query made to DB:
RENAME TABLE `tabsearch demo` TO `tabsearch_demo`
2024-03-03 12:39:07,277 WARNING database DDL Query made to DB:
ALTER TABLE `tabdemo` MODIFY `age` decimal(21,9) not null default 0
2024-03-03 12:52:43,712 WARNING database DDL Query made to DB:
ALTER TABLE `tabdemo` MODIFY `age` decimal(21,9) not null default 0
