2024-03-01 11:18:15,856 ERROR scheduler Exception in Enqueue Events for Site upsc.com
Traceback (most recent call last):
  File "apps/frappe/frappe/utils/scheduler.py", line 76, in enqueue_events_for_site
    enqueue_events(site=site)
  File "apps/frappe/frappe/utils/scheduler.py", line 94, in enqueue_events
    queued_jobs = get_jobs(site=site, key="job_type").get(site) or []
  File "apps/frappe/frappe/utils/background_jobs.py", line 301, in get_jobs
    jobs = q.jobs + get_running_jobs_in_queue(q)
  File "apps/frappe/frappe/utils/background_jobs.py", line 338, in get_running_jobs_in_queue
    workers = get_workers(queue)
  File "apps/frappe/frappe/utils/background_jobs.py", line 330, in get_workers
    return Worker.all(queue=queue)
  File "env/lib/python3.10/site-packages/rq/worker.py", line 257, in all
    workers = [
  File "env/lib/python3.10/site-packages/rq/worker.py", line 258, in <listcomp>
    cls.find_by_key(
  File "env/lib/python3.10/site-packages/rq/worker.py", line 685, in find_by_key
    worker.refresh()
  File "env/lib/python3.10/site-packages/rq/worker.py", line 1041, in refresh
    queues = as_text(queues)
  File "env/lib/python3.10/site-packages/rq/utils.py", line 58, in as_text
    raise ValueError('Unknown type %r' % type(v))
ValueError: Unknown type <class 'NoneType'>

2024-03-01 11:19:16,281 ERROR scheduler Exception in Enqueue Events for Site upsc.com
Traceback (most recent call last):
  File "apps/frappe/frappe/utils/scheduler.py", line 76, in enqueue_events_for_site
    enqueue_events(site=site)
  File "apps/frappe/frappe/utils/scheduler.py", line 94, in enqueue_events
    queued_jobs = get_jobs(site=site, key="job_type").get(site) or []
  File "apps/frappe/frappe/utils/background_jobs.py", line 301, in get_jobs
    jobs = q.jobs + get_running_jobs_in_queue(q)
  File "apps/frappe/frappe/utils/background_jobs.py", line 338, in get_running_jobs_in_queue
    workers = get_workers(queue)
  File "apps/frappe/frappe/utils/background_jobs.py", line 330, in get_workers
    return Worker.all(queue=queue)
  File "env/lib/python3.10/site-packages/rq/worker.py", line 257, in all
    workers = [
  File "env/lib/python3.10/site-packages/rq/worker.py", line 258, in <listcomp>
    cls.find_by_key(
  File "env/lib/python3.10/site-packages/rq/worker.py", line 685, in find_by_key
    worker.refresh()
  File "env/lib/python3.10/site-packages/rq/worker.py", line 1041, in refresh
    queues = as_text(queues)
  File "env/lib/python3.10/site-packages/rq/utils.py", line 58, in as_text
    raise ValueError('Unknown type %r' % type(v))
ValueError: Unknown type <class 'NoneType'>

2024-03-01 11:20:16,392 ERROR scheduler Exception in Enqueue Events for Site upsc.com
Traceback (most recent call last):
  File "apps/frappe/frappe/utils/scheduler.py", line 76, in enqueue_events_for_site
    enqueue_events(site=site)
  File "apps/frappe/frappe/utils/scheduler.py", line 94, in enqueue_events
    queued_jobs = get_jobs(site=site, key="job_type").get(site) or []
  File "apps/frappe/frappe/utils/background_jobs.py", line 301, in get_jobs
    jobs = q.jobs + get_running_jobs_in_queue(q)
  File "apps/frappe/frappe/utils/background_jobs.py", line 338, in get_running_jobs_in_queue
    workers = get_workers(queue)
  File "apps/frappe/frappe/utils/background_jobs.py", line 330, in get_workers
    return Worker.all(queue=queue)
  File "env/lib/python3.10/site-packages/rq/worker.py", line 257, in all
    workers = [
  File "env/lib/python3.10/site-packages/rq/worker.py", line 258, in <listcomp>
    cls.find_by_key(
  File "env/lib/python3.10/site-packages/rq/worker.py", line 685, in find_by_key
    worker.refresh()
  File "env/lib/python3.10/site-packages/rq/worker.py", line 1041, in refresh
    queues = as_text(queues)
  File "env/lib/python3.10/site-packages/rq/utils.py", line 58, in as_text
    raise ValueError('Unknown type %r' % type(v))
ValueError: Unknown type <class 'NoneType'>

2024-03-01 11:21:17,776 ERROR scheduler Exception in Enqueue Events for Site upsc.com
Traceback (most recent call last):
  File "apps/frappe/frappe/utils/scheduler.py", line 76, in enqueue_events_for_site
    enqueue_events(site=site)
  File "apps/frappe/frappe/utils/scheduler.py", line 94, in enqueue_events
    queued_jobs = get_jobs(site=site, key="job_type").get(site) or []
  File "apps/frappe/frappe/utils/background_jobs.py", line 301, in get_jobs
    jobs = q.jobs + get_running_jobs_in_queue(q)
  File "apps/frappe/frappe/utils/background_jobs.py", line 338, in get_running_jobs_in_queue
    workers = get_workers(queue)
  File "apps/frappe/frappe/utils/background_jobs.py", line 330, in get_workers
    return Worker.all(queue=queue)
  File "env/lib/python3.10/site-packages/rq/worker.py", line 257, in all
    workers = [
  File "env/lib/python3.10/site-packages/rq/worker.py", line 258, in <listcomp>
    cls.find_by_key(
  File "env/lib/python3.10/site-packages/rq/worker.py", line 685, in find_by_key
    worker.refresh()
  File "env/lib/python3.10/site-packages/rq/worker.py", line 1041, in refresh
    queues = as_text(queues)
  File "env/lib/python3.10/site-packages/rq/utils.py", line 58, in as_text
    raise ValueError('Unknown type %r' % type(v))
ValueError: Unknown type <class 'NoneType'>

2024-03-01 11:22:23,706 ERROR scheduler Exception in Enqueue Events for Site upsc.com
Traceback (most recent call last):
  File "apps/frappe/frappe/utils/scheduler.py", line 76, in enqueue_events_for_site
    enqueue_events(site=site)
  File "apps/frappe/frappe/utils/scheduler.py", line 94, in enqueue_events
    queued_jobs = get_jobs(site=site, key="job_type").get(site) or []
  File "apps/frappe/frappe/utils/background_jobs.py", line 301, in get_jobs
    jobs = q.jobs + get_running_jobs_in_queue(q)
  File "apps/frappe/frappe/utils/background_jobs.py", line 338, in get_running_jobs_in_queue
    workers = get_workers(queue)
  File "apps/frappe/frappe/utils/background_jobs.py", line 330, in get_workers
    return Worker.all(queue=queue)
  File "env/lib/python3.10/site-packages/rq/worker.py", line 257, in all
    workers = [
  File "env/lib/python3.10/site-packages/rq/worker.py", line 258, in <listcomp>
    cls.find_by_key(
  File "env/lib/python3.10/site-packages/rq/worker.py", line 685, in find_by_key
    worker.refresh()
  File "env/lib/python3.10/site-packages/rq/worker.py", line 1041, in refresh
    queues = as_text(queues)
  File "env/lib/python3.10/site-packages/rq/utils.py", line 58, in as_text
    raise ValueError('Unknown type %r' % type(v))
ValueError: Unknown type <class 'NoneType'>

2024-03-01 11:23:23,824 ERROR scheduler Exception in Enqueue Events for Site upsc.com
Traceback (most recent call last):
  File "apps/frappe/frappe/utils/scheduler.py", line 76, in enqueue_events_for_site
    enqueue_events(site=site)
  File "apps/frappe/frappe/utils/scheduler.py", line 94, in enqueue_events
    queued_jobs = get_jobs(site=site, key="job_type").get(site) or []
  File "apps/frappe/frappe/utils/background_jobs.py", line 301, in get_jobs
    jobs = q.jobs + get_running_jobs_in_queue(q)
  File "apps/frappe/frappe/utils/background_jobs.py", line 338, in get_running_jobs_in_queue
    workers = get_workers(queue)
  File "apps/frappe/frappe/utils/background_jobs.py", line 330, in get_workers
    return Worker.all(queue=queue)
  File "env/lib/python3.10/site-packages/rq/worker.py", line 257, in all
    workers = [
  File "env/lib/python3.10/site-packages/rq/worker.py", line 258, in <listcomp>
    cls.find_by_key(
  File "env/lib/python3.10/site-packages/rq/worker.py", line 685, in find_by_key
    worker.refresh()
  File "env/lib/python3.10/site-packages/rq/worker.py", line 1041, in refresh
    queues = as_text(queues)
  File "env/lib/python3.10/site-packages/rq/utils.py", line 58, in as_text
    raise ValueError('Unknown type %r' % type(v))
ValueError: Unknown type <class 'NoneType'>

2024-03-01 11:24:23,943 ERROR scheduler Exception in Enqueue Events for Site upsc.com
Traceback (most recent call last):
  File "apps/frappe/frappe/utils/scheduler.py", line 76, in enqueue_events_for_site
    enqueue_events(site=site)
  File "apps/frappe/frappe/utils/scheduler.py", line 94, in enqueue_events
    queued_jobs = get_jobs(site=site, key="job_type").get(site) or []
  File "apps/frappe/frappe/utils/background_jobs.py", line 301, in get_jobs
    jobs = q.jobs + get_running_jobs_in_queue(q)
  File "apps/frappe/frappe/utils/background_jobs.py", line 338, in get_running_jobs_in_queue
    workers = get_workers(queue)
  File "apps/frappe/frappe/utils/background_jobs.py", line 330, in get_workers
    return Worker.all(queue=queue)
  File "env/lib/python3.10/site-packages/rq/worker.py", line 257, in all
    workers = [
  File "env/lib/python3.10/site-packages/rq/worker.py", line 258, in <listcomp>
    cls.find_by_key(
  File "env/lib/python3.10/site-packages/rq/worker.py", line 685, in find_by_key
    worker.refresh()
  File "env/lib/python3.10/site-packages/rq/worker.py", line 1041, in refresh
    queues = as_text(queues)
  File "env/lib/python3.10/site-packages/rq/utils.py", line 58, in as_text
    raise ValueError('Unknown type %r' % type(v))
ValueError: Unknown type <class 'NoneType'>

2024-03-01 11:25:24,054 ERROR scheduler Exception in Enqueue Events for Site upsc.com
Traceback (most recent call last):
  File "apps/frappe/frappe/utils/scheduler.py", line 76, in enqueue_events_for_site
    enqueue_events(site=site)
  File "apps/frappe/frappe/utils/scheduler.py", line 94, in enqueue_events
    queued_jobs = get_jobs(site=site, key="job_type").get(site) or []
  File "apps/frappe/frappe/utils/background_jobs.py", line 301, in get_jobs
    jobs = q.jobs + get_running_jobs_in_queue(q)
  File "apps/frappe/frappe/utils/background_jobs.py", line 338, in get_running_jobs_in_queue
    workers = get_workers(queue)
  File "apps/frappe/frappe/utils/background_jobs.py", line 330, in get_workers
    return Worker.all(queue=queue)
  File "env/lib/python3.10/site-packages/rq/worker.py", line 257, in all
    workers = [
  File "env/lib/python3.10/site-packages/rq/worker.py", line 258, in <listcomp>
    cls.find_by_key(
  File "env/lib/python3.10/site-packages/rq/worker.py", line 685, in find_by_key
    worker.refresh()
  File "env/lib/python3.10/site-packages/rq/worker.py", line 1041, in refresh
    queues = as_text(queues)
  File "env/lib/python3.10/site-packages/rq/utils.py", line 58, in as_text
    raise ValueError('Unknown type %r' % type(v))
ValueError: Unknown type <class 'NoneType'>

2024-03-01 11:26:24,162 ERROR scheduler Exception in Enqueue Events for Site upsc.com
Traceback (most recent call last):
  File "apps/frappe/frappe/utils/scheduler.py", line 76, in enqueue_events_for_site
    enqueue_events(site=site)
  File "apps/frappe/frappe/utils/scheduler.py", line 94, in enqueue_events
    queued_jobs = get_jobs(site=site, key="job_type").get(site) or []
  File "apps/frappe/frappe/utils/background_jobs.py", line 301, in get_jobs
    jobs = q.jobs + get_running_jobs_in_queue(q)
  File "apps/frappe/frappe/utils/background_jobs.py", line 338, in get_running_jobs_in_queue
    workers = get_workers(queue)
  File "apps/frappe/frappe/utils/background_jobs.py", line 330, in get_workers
    return Worker.all(queue=queue)
  File "env/lib/python3.10/site-packages/rq/worker.py", line 257, in all
    workers = [
  File "env/lib/python3.10/site-packages/rq/worker.py", line 258, in <listcomp>
    cls.find_by_key(
  File "env/lib/python3.10/site-packages/rq/worker.py", line 685, in find_by_key
    worker.refresh()
  File "env/lib/python3.10/site-packages/rq/worker.py", line 1041, in refresh
    queues = as_text(queues)
  File "env/lib/python3.10/site-packages/rq/utils.py", line 58, in as_text
    raise ValueError('Unknown type %r' % type(v))
ValueError: Unknown type <class 'NoneType'>

2024-03-01 11:27:27,151 ERROR scheduler Exception in Enqueue Events for Site upsc.com
Traceback (most recent call last):
  File "apps/frappe/frappe/utils/scheduler.py", line 76, in enqueue_events_for_site
    enqueue_events(site=site)
  File "apps/frappe/frappe/utils/scheduler.py", line 94, in enqueue_events
    queued_jobs = get_jobs(site=site, key="job_type").get(site) or []
  File "apps/frappe/frappe/utils/background_jobs.py", line 301, in get_jobs
    jobs = q.jobs + get_running_jobs_in_queue(q)
  File "apps/frappe/frappe/utils/background_jobs.py", line 338, in get_running_jobs_in_queue
    workers = get_workers(queue)
  File "apps/frappe/frappe/utils/background_jobs.py", line 330, in get_workers
    return Worker.all(queue=queue)
  File "env/lib/python3.10/site-packages/rq/worker.py", line 257, in all
    workers = [
  File "env/lib/python3.10/site-packages/rq/worker.py", line 258, in <listcomp>
    cls.find_by_key(
  File "env/lib/python3.10/site-packages/rq/worker.py", line 685, in find_by_key
    worker.refresh()
  File "env/lib/python3.10/site-packages/rq/worker.py", line 1041, in refresh
    queues = as_text(queues)
  File "env/lib/python3.10/site-packages/rq/utils.py", line 58, in as_text
    raise ValueError('Unknown type %r' % type(v))
ValueError: Unknown type <class 'NoneType'>

2024-03-01 11:28:27,267 ERROR scheduler Exception in Enqueue Events for Site upsc.com
Traceback (most recent call last):
  File "apps/frappe/frappe/utils/scheduler.py", line 76, in enqueue_events_for_site
    enqueue_events(site=site)
  File "apps/frappe/frappe/utils/scheduler.py", line 94, in enqueue_events
    queued_jobs = get_jobs(site=site, key="job_type").get(site) or []
  File "apps/frappe/frappe/utils/background_jobs.py", line 301, in get_jobs
    jobs = q.jobs + get_running_jobs_in_queue(q)
  File "apps/frappe/frappe/utils/background_jobs.py", line 338, in get_running_jobs_in_queue
    workers = get_workers(queue)
  File "apps/frappe/frappe/utils/background_jobs.py", line 330, in get_workers
    return Worker.all(queue=queue)
  File "env/lib/python3.10/site-packages/rq/worker.py", line 257, in all
    workers = [
  File "env/lib/python3.10/site-packages/rq/worker.py", line 258, in <listcomp>
    cls.find_by_key(
  File "env/lib/python3.10/site-packages/rq/worker.py", line 685, in find_by_key
    worker.refresh()
  File "env/lib/python3.10/site-packages/rq/worker.py", line 1041, in refresh
    queues = as_text(queues)
  File "env/lib/python3.10/site-packages/rq/utils.py", line 58, in as_text
    raise ValueError('Unknown type %r' % type(v))
ValueError: Unknown type <class 'NoneType'>

2024-03-01 11:29:27,407 ERROR scheduler Exception in Enqueue Events for Site upsc.com
Traceback (most recent call last):
  File "apps/frappe/frappe/utils/scheduler.py", line 76, in enqueue_events_for_site
    enqueue_events(site=site)
  File "apps/frappe/frappe/utils/scheduler.py", line 94, in enqueue_events
    queued_jobs = get_jobs(site=site, key="job_type").get(site) or []
  File "apps/frappe/frappe/utils/background_jobs.py", line 301, in get_jobs
    jobs = q.jobs + get_running_jobs_in_queue(q)
  File "apps/frappe/frappe/utils/background_jobs.py", line 338, in get_running_jobs_in_queue
    workers = get_workers(queue)
  File "apps/frappe/frappe/utils/background_jobs.py", line 330, in get_workers
    return Worker.all(queue=queue)
  File "env/lib/python3.10/site-packages/rq/worker.py", line 257, in all
    workers = [
  File "env/lib/python3.10/site-packages/rq/worker.py", line 258, in <listcomp>
    cls.find_by_key(
  File "env/lib/python3.10/site-packages/rq/worker.py", line 685, in find_by_key
    worker.refresh()
  File "env/lib/python3.10/site-packages/rq/worker.py", line 1041, in refresh
    queues = as_text(queues)
  File "env/lib/python3.10/site-packages/rq/utils.py", line 58, in as_text
    raise ValueError('Unknown type %r' % type(v))
ValueError: Unknown type <class 'NoneType'>

2024-03-01 11:30:27,527 ERROR scheduler Exception in Enqueue Events for Site upsc.com
Traceback (most recent call last):
  File "apps/frappe/frappe/utils/scheduler.py", line 76, in enqueue_events_for_site
    enqueue_events(site=site)
  File "apps/frappe/frappe/utils/scheduler.py", line 94, in enqueue_events
    queued_jobs = get_jobs(site=site, key="job_type").get(site) or []
  File "apps/frappe/frappe/utils/background_jobs.py", line 301, in get_jobs
    jobs = q.jobs + get_running_jobs_in_queue(q)
  File "apps/frappe/frappe/utils/background_jobs.py", line 338, in get_running_jobs_in_queue
    workers = get_workers(queue)
  File "apps/frappe/frappe/utils/background_jobs.py", line 330, in get_workers
    return Worker.all(queue=queue)
  File "env/lib/python3.10/site-packages/rq/worker.py", line 257, in all
    workers = [
  File "env/lib/python3.10/site-packages/rq/worker.py", line 258, in <listcomp>
    cls.find_by_key(
  File "env/lib/python3.10/site-packages/rq/worker.py", line 685, in find_by_key
    worker.refresh()
  File "env/lib/python3.10/site-packages/rq/worker.py", line 1041, in refresh
    queues = as_text(queues)
  File "env/lib/python3.10/site-packages/rq/utils.py", line 58, in as_text
    raise ValueError('Unknown type %r' % type(v))
ValueError: Unknown type <class 'NoneType'>

2024-03-01 11:31:41,675 ERROR scheduler Exception in Enqueue Events for Site upsc.com
Traceback (most recent call last):
  File "apps/frappe/frappe/utils/scheduler.py", line 76, in enqueue_events_for_site
    enqueue_events(site=site)
  File "apps/frappe/frappe/utils/scheduler.py", line 94, in enqueue_events
    queued_jobs = get_jobs(site=site, key="job_type").get(site) or []
  File "apps/frappe/frappe/utils/background_jobs.py", line 301, in get_jobs
    jobs = q.jobs + get_running_jobs_in_queue(q)
  File "apps/frappe/frappe/utils/background_jobs.py", line 338, in get_running_jobs_in_queue
    workers = get_workers(queue)
  File "apps/frappe/frappe/utils/background_jobs.py", line 330, in get_workers
    return Worker.all(queue=queue)
  File "env/lib/python3.10/site-packages/rq/worker.py", line 257, in all
    workers = [
  File "env/lib/python3.10/site-packages/rq/worker.py", line 258, in <listcomp>
    cls.find_by_key(
  File "env/lib/python3.10/site-packages/rq/worker.py", line 685, in find_by_key
    worker.refresh()
  File "env/lib/python3.10/site-packages/rq/worker.py", line 1041, in refresh
    queues = as_text(queues)
  File "env/lib/python3.10/site-packages/rq/utils.py", line 58, in as_text
    raise ValueError('Unknown type %r' % type(v))
ValueError: Unknown type <class 'NoneType'>

2024-03-01 11:32:43,712 ERROR scheduler Exception in Enqueue Events for Site upsc.com
Traceback (most recent call last):
  File "apps/frappe/frappe/utils/scheduler.py", line 76, in enqueue_events_for_site
    enqueue_events(site=site)
  File "apps/frappe/frappe/utils/scheduler.py", line 94, in enqueue_events
    queued_jobs = get_jobs(site=site, key="job_type").get(site) or []
  File "apps/frappe/frappe/utils/background_jobs.py", line 301, in get_jobs
    jobs = q.jobs + get_running_jobs_in_queue(q)
  File "apps/frappe/frappe/utils/background_jobs.py", line 338, in get_running_jobs_in_queue
    workers = get_workers(queue)
  File "apps/frappe/frappe/utils/background_jobs.py", line 330, in get_workers
    return Worker.all(queue=queue)
  File "env/lib/python3.10/site-packages/rq/worker.py", line 257, in all
    workers = [
  File "env/lib/python3.10/site-packages/rq/worker.py", line 258, in <listcomp>
    cls.find_by_key(
  File "env/lib/python3.10/site-packages/rq/worker.py", line 685, in find_by_key
    worker.refresh()
  File "env/lib/python3.10/site-packages/rq/worker.py", line 1041, in refresh
    queues = as_text(queues)
  File "env/lib/python3.10/site-packages/rq/utils.py", line 58, in as_text
    raise ValueError('Unknown type %r' % type(v))
ValueError: Unknown type <class 'NoneType'>

2024-03-01 11:33:43,817 ERROR scheduler Exception in Enqueue Events for Site upsc.com
Traceback (most recent call last):
  File "apps/frappe/frappe/utils/scheduler.py", line 76, in enqueue_events_for_site
    enqueue_events(site=site)
  File "apps/frappe/frappe/utils/scheduler.py", line 94, in enqueue_events
    queued_jobs = get_jobs(site=site, key="job_type").get(site) or []
  File "apps/frappe/frappe/utils/background_jobs.py", line 301, in get_jobs
    jobs = q.jobs + get_running_jobs_in_queue(q)
  File "apps/frappe/frappe/utils/background_jobs.py", line 338, in get_running_jobs_in_queue
    workers = get_workers(queue)
  File "apps/frappe/frappe/utils/background_jobs.py", line 330, in get_workers
    return Worker.all(queue=queue)
  File "env/lib/python3.10/site-packages/rq/worker.py", line 257, in all
    workers = [
  File "env/lib/python3.10/site-packages/rq/worker.py", line 258, in <listcomp>
    cls.find_by_key(
  File "env/lib/python3.10/site-packages/rq/worker.py", line 685, in find_by_key
    worker.refresh()
  File "env/lib/python3.10/site-packages/rq/worker.py", line 1041, in refresh
    queues = as_text(queues)
  File "env/lib/python3.10/site-packages/rq/utils.py", line 58, in as_text
    raise ValueError('Unknown type %r' % type(v))
ValueError: Unknown type <class 'NoneType'>

2024-03-01 11:34:43,856 ERROR scheduler Exception in Enqueue Events for Site upsc.com
Traceback (most recent call last):
  File "apps/frappe/frappe/utils/scheduler.py", line 76, in enqueue_events_for_site
    enqueue_events(site=site)
  File "apps/frappe/frappe/utils/scheduler.py", line 94, in enqueue_events
    queued_jobs = get_jobs(site=site, key="job_type").get(site) or []
  File "apps/frappe/frappe/utils/background_jobs.py", line 301, in get_jobs
    jobs = q.jobs + get_running_jobs_in_queue(q)
  File "apps/frappe/frappe/utils/background_jobs.py", line 338, in get_running_jobs_in_queue
    workers = get_workers(queue)
  File "apps/frappe/frappe/utils/background_jobs.py", line 330, in get_workers
    return Worker.all(queue=queue)
  File "env/lib/python3.10/site-packages/rq/worker.py", line 257, in all
    workers = [
  File "env/lib/python3.10/site-packages/rq/worker.py", line 258, in <listcomp>
    cls.find_by_key(
  File "env/lib/python3.10/site-packages/rq/worker.py", line 685, in find_by_key
    worker.refresh()
  File "env/lib/python3.10/site-packages/rq/worker.py", line 1041, in refresh
    queues = as_text(queues)
  File "env/lib/python3.10/site-packages/rq/utils.py", line 58, in as_text
    raise ValueError('Unknown type %r' % type(v))
ValueError: Unknown type <class 'NoneType'>

2024-03-01 11:35:44,003 ERROR scheduler Exception in Enqueue Events for Site upsc.com
Traceback (most recent call last):
  File "apps/frappe/frappe/utils/scheduler.py", line 76, in enqueue_events_for_site
    enqueue_events(site=site)
  File "apps/frappe/frappe/utils/scheduler.py", line 94, in enqueue_events
    queued_jobs = get_jobs(site=site, key="job_type").get(site) or []
  File "apps/frappe/frappe/utils/background_jobs.py", line 301, in get_jobs
    jobs = q.jobs + get_running_jobs_in_queue(q)
  File "apps/frappe/frappe/utils/background_jobs.py", line 338, in get_running_jobs_in_queue
    workers = get_workers(queue)
  File "apps/frappe/frappe/utils/background_jobs.py", line 330, in get_workers
    return Worker.all(queue=queue)
  File "env/lib/python3.10/site-packages/rq/worker.py", line 257, in all
    workers = [
  File "env/lib/python3.10/site-packages/rq/worker.py", line 258, in <listcomp>
    cls.find_by_key(
  File "env/lib/python3.10/site-packages/rq/worker.py", line 685, in find_by_key
    worker.refresh()
  File "env/lib/python3.10/site-packages/rq/worker.py", line 1041, in refresh
    queues = as_text(queues)
  File "env/lib/python3.10/site-packages/rq/utils.py", line 58, in as_text
    raise ValueError('Unknown type %r' % type(v))
ValueError: Unknown type <class 'NoneType'>

2024-03-01 11:36:44,098 ERROR scheduler Exception in Enqueue Events for Site upsc.com
Traceback (most recent call last):
  File "apps/frappe/frappe/utils/scheduler.py", line 76, in enqueue_events_for_site
    enqueue_events(site=site)
  File "apps/frappe/frappe/utils/scheduler.py", line 94, in enqueue_events
    queued_jobs = get_jobs(site=site, key="job_type").get(site) or []
  File "apps/frappe/frappe/utils/background_jobs.py", line 301, in get_jobs
    jobs = q.jobs + get_running_jobs_in_queue(q)
  File "apps/frappe/frappe/utils/background_jobs.py", line 338, in get_running_jobs_in_queue
    workers = get_workers(queue)
  File "apps/frappe/frappe/utils/background_jobs.py", line 330, in get_workers
    return Worker.all(queue=queue)
  File "env/lib/python3.10/site-packages/rq/worker.py", line 257, in all
    workers = [
  File "env/lib/python3.10/site-packages/rq/worker.py", line 258, in <listcomp>
    cls.find_by_key(
  File "env/lib/python3.10/site-packages/rq/worker.py", line 685, in find_by_key
    worker.refresh()
  File "env/lib/python3.10/site-packages/rq/worker.py", line 1041, in refresh
    queues = as_text(queues)
  File "env/lib/python3.10/site-packages/rq/utils.py", line 58, in as_text
    raise ValueError('Unknown type %r' % type(v))
ValueError: Unknown type <class 'NoneType'>

2024-03-01 11:37:44,219 ERROR scheduler Exception in Enqueue Events for Site upsc.com
Traceback (most recent call last):
  File "apps/frappe/frappe/utils/scheduler.py", line 76, in enqueue_events_for_site
    enqueue_events(site=site)
  File "apps/frappe/frappe/utils/scheduler.py", line 94, in enqueue_events
    queued_jobs = get_jobs(site=site, key="job_type").get(site) or []
  File "apps/frappe/frappe/utils/background_jobs.py", line 301, in get_jobs
    jobs = q.jobs + get_running_jobs_in_queue(q)
  File "apps/frappe/frappe/utils/background_jobs.py", line 338, in get_running_jobs_in_queue
    workers = get_workers(queue)
  File "apps/frappe/frappe/utils/background_jobs.py", line 330, in get_workers
    return Worker.all(queue=queue)
  File "env/lib/python3.10/site-packages/rq/worker.py", line 257, in all
    workers = [
  File "env/lib/python3.10/site-packages/rq/worker.py", line 258, in <listcomp>
    cls.find_by_key(
  File "env/lib/python3.10/site-packages/rq/worker.py", line 685, in find_by_key
    worker.refresh()
  File "env/lib/python3.10/site-packages/rq/worker.py", line 1041, in refresh
    queues = as_text(queues)
  File "env/lib/python3.10/site-packages/rq/utils.py", line 58, in as_text
    raise ValueError('Unknown type %r' % type(v))
ValueError: Unknown type <class 'NoneType'>

2024-03-01 11:38:44,272 ERROR scheduler Exception in Enqueue Events for Site upsc.com
Traceback (most recent call last):
  File "apps/frappe/frappe/utils/scheduler.py", line 76, in enqueue_events_for_site
    enqueue_events(site=site)
  File "apps/frappe/frappe/utils/scheduler.py", line 94, in enqueue_events
    queued_jobs = get_jobs(site=site, key="job_type").get(site) or []
  File "apps/frappe/frappe/utils/background_jobs.py", line 301, in get_jobs
    jobs = q.jobs + get_running_jobs_in_queue(q)
  File "apps/frappe/frappe/utils/background_jobs.py", line 338, in get_running_jobs_in_queue
    workers = get_workers(queue)
  File "apps/frappe/frappe/utils/background_jobs.py", line 330, in get_workers
    return Worker.all(queue=queue)
  File "env/lib/python3.10/site-packages/rq/worker.py", line 257, in all
    workers = [
  File "env/lib/python3.10/site-packages/rq/worker.py", line 258, in <listcomp>
    cls.find_by_key(
  File "env/lib/python3.10/site-packages/rq/worker.py", line 685, in find_by_key
    worker.refresh()
  File "env/lib/python3.10/site-packages/rq/worker.py", line 1041, in refresh
    queues = as_text(queues)
  File "env/lib/python3.10/site-packages/rq/utils.py", line 58, in as_text
    raise ValueError('Unknown type %r' % type(v))
ValueError: Unknown type <class 'NoneType'>

2024-03-01 11:39:44,541 ERROR scheduler Exception in Enqueue Events for Site upsc.com
Traceback (most recent call last):
  File "apps/frappe/frappe/utils/scheduler.py", line 76, in enqueue_events_for_site
    enqueue_events(site=site)
  File "apps/frappe/frappe/utils/scheduler.py", line 94, in enqueue_events
    queued_jobs = get_jobs(site=site, key="job_type").get(site) or []
  File "apps/frappe/frappe/utils/background_jobs.py", line 301, in get_jobs
    jobs = q.jobs + get_running_jobs_in_queue(q)
  File "apps/frappe/frappe/utils/background_jobs.py", line 338, in get_running_jobs_in_queue
    workers = get_workers(queue)
  File "apps/frappe/frappe/utils/background_jobs.py", line 330, in get_workers
    return Worker.all(queue=queue)
  File "env/lib/python3.10/site-packages/rq/worker.py", line 257, in all
    workers = [
  File "env/lib/python3.10/site-packages/rq/worker.py", line 258, in <listcomp>
    cls.find_by_key(
  File "env/lib/python3.10/site-packages/rq/worker.py", line 685, in find_by_key
    worker.refresh()
  File "env/lib/python3.10/site-packages/rq/worker.py", line 1041, in refresh
    queues = as_text(queues)
  File "env/lib/python3.10/site-packages/rq/utils.py", line 58, in as_text
    raise ValueError('Unknown type %r' % type(v))
ValueError: Unknown type <class 'NoneType'>

2024-03-01 11:40:44,636 ERROR scheduler Exception in Enqueue Events for Site upsc.com
Traceback (most recent call last):
  File "apps/frappe/frappe/utils/scheduler.py", line 76, in enqueue_events_for_site
    enqueue_events(site=site)
  File "apps/frappe/frappe/utils/scheduler.py", line 94, in enqueue_events
    queued_jobs = get_jobs(site=site, key="job_type").get(site) or []
  File "apps/frappe/frappe/utils/background_jobs.py", line 301, in get_jobs
    jobs = q.jobs + get_running_jobs_in_queue(q)
  File "apps/frappe/frappe/utils/background_jobs.py", line 338, in get_running_jobs_in_queue
    workers = get_workers(queue)
  File "apps/frappe/frappe/utils/background_jobs.py", line 330, in get_workers
    return Worker.all(queue=queue)
  File "env/lib/python3.10/site-packages/rq/worker.py", line 257, in all
    workers = [
  File "env/lib/python3.10/site-packages/rq/worker.py", line 258, in <listcomp>
    cls.find_by_key(
  File "env/lib/python3.10/site-packages/rq/worker.py", line 685, in find_by_key
    worker.refresh()
  File "env/lib/python3.10/site-packages/rq/worker.py", line 1041, in refresh
    queues = as_text(queues)
  File "env/lib/python3.10/site-packages/rq/utils.py", line 58, in as_text
    raise ValueError('Unknown type %r' % type(v))
ValueError: Unknown type <class 'NoneType'>

